<?xml version="1.0" encoding="UTF-8"?>
<robot generator="Robot 6.1.1 (Python 3.12.1 on win32)" generated="20250928 19:06:35.931" rpa="false" schemaversion="4">
<suite id="s1" name="Features" source="C:\Users\Bruno\Desktop\accenture_teste\web\features">
<suite id="s1-s1" name="Drag Drop" source="C:\Users\Bruno\Desktop\accenture_teste\web\features\drag_drop.robot">
<kw name="abrir navegador" library="pratice_form" type="SETUP">
<kw name="Normalize Path" library="OperatingSystem">
<var>${FILE_PATH}</var>
<arg>C:\\Users\\Bruno\\Desktop\\accenture_teste\\web\\steps/${RELATIVE_PATH}</arg>
<doc>Normalizes the given path.</doc>
<msg timestamp="20250928 19:06:36.584" level="INFO">${FILE_PATH} = C:\Users\Bruno\Desktop\accenture_teste\web\resources\testfile.txt</msg>
<status status="PASS" starttime="20250928 19:06:36.584" endtime="20250928 19:06:36.584"/>
</kw>
<kw name="Set Suite Variable" library="BuiltIn">
<arg>${FILE_PATH}</arg>
<doc>Makes a variable available everywhere within the scope of the current suite.</doc>
<msg timestamp="20250928 19:06:36.585" level="INFO">${FILE_PATH} = C:\Users\Bruno\Desktop\accenture_teste\web\resources\testfile.txt</msg>
<status status="PASS" starttime="20250928 19:06:36.585" endtime="20250928 19:06:36.585"/>
</kw>
<kw name="Open Browser" library="SeleniumLibrary">
<arg>${URL}</arg>
<arg>chrome</arg>
<doc>Opens a new browser instance to the optional ``url``.</doc>
<msg timestamp="20250928 19:06:36.585" level="INFO">Opening browser 'chrome' to base url 'https://demoqa.com'.</msg>
<status status="PASS" starttime="20250928 19:06:36.585" endtime="20250928 19:06:41.681"/>
</kw>
<kw name="Maximize Browser Window" library="SeleniumLibrary">
<doc>Maximizes current browser window.</doc>
<status status="PASS" starttime="20250928 19:06:41.682" endtime="20250928 19:06:41.710"/>
</kw>
<status status="PASS" starttime="20250928 19:06:36.584" endtime="20250928 19:06:41.710"/>
</kw>
<test id="s1-s1-t1" name="Reordenar Lista Sortable Em Ordem Decrescente" line="10">
<kw name="Dado Acesso Página Sortable" library="drag_drop">
<kw name="Go To" library="SeleniumLibrary">
<arg>${BASE_URL}</arg>
<doc>Navigates the current browser window to the provided ``url``.</doc>
<msg timestamp="20250928 19:06:41.711" level="INFO">Opening url 'https://demoqa.com'</msg>
<status status="PASS" starttime="20250928 19:06:41.711" endtime="20250928 19:06:42.376"/>
</kw>
<kw name="Execute Javascript" library="SeleniumLibrary">
<arg>document.getElementById('fixedban').style.display='none';</arg>
<doc>Executes the given JavaScript code with possible arguments.</doc>
<msg timestamp="20250928 19:06:42.377" level="INFO">Executing JavaScript:
document.getElementById('fixedban').style.display='none';
Without any arguments.</msg>
<status status="PASS" starttime="20250928 19:06:42.376" endtime="20250928 19:06:42.380"/>
</kw>
<kw name="clicar no elemento" library="base">
<arg>${DRAG_DROP_BTN_INTERACTIONS}</arg>
<kw name="Wait Until Element Is Visible" library="SeleniumLibrary">
<arg>${elemento}</arg>
<arg>timeout=10</arg>
<doc>Waits until the element ``locator`` is visible.</doc>
<status status="PASS" starttime="20250928 19:06:42.380" endtime="20250928 19:06:42.396"/>
</kw>
<kw name="Click Element" library="SeleniumLibrary">
<arg>${elemento}</arg>
<doc>Click the element identified by ``locator``.</doc>
<msg timestamp="20250928 19:06:42.396" level="INFO">Clicking element 'xpath=//h5[text()='Interactions']'.</msg>
<status status="PASS" starttime="20250928 19:06:42.396" endtime="20250928 19:06:42.476"/>
</kw>
<status status="PASS" starttime="20250928 19:06:42.380" endtime="20250928 19:06:42.476"/>
</kw>
<kw name="Wait Until Element Is Visible" library="SeleniumLibrary">
<arg>${DRAG_DROP_BTN_SORTABLE}</arg>
<doc>Waits until the element ``locator`` is visible.</doc>
<status status="PASS" starttime="20250928 19:06:42.476" endtime="20250928 19:06:42.488"/>
</kw>
<kw name="clicar no elemento" library="base">
<arg>${DRAG_DROP_BTN_SORTABLE}</arg>
<kw name="Wait Until Element Is Visible" library="SeleniumLibrary">
<arg>${elemento}</arg>
<arg>timeout=10</arg>
<doc>Waits until the element ``locator`` is visible.</doc>
<status status="PASS" starttime="20250928 19:06:42.488" endtime="20250928 19:06:42.498"/>
</kw>
<kw name="Click Element" library="SeleniumLibrary">
<arg>${elemento}</arg>
<doc>Click the element identified by ``locator``.</doc>
<msg timestamp="20250928 19:06:42.498" level="INFO">Clicking element 'xpath=//span[text()='Sortable']'.</msg>
<status status="PASS" starttime="20250928 19:06:42.498" endtime="20250928 19:06:42.590"/>
</kw>
<status status="PASS" starttime="20250928 19:06:42.488" endtime="20250928 19:06:42.590"/>
</kw>
<kw name="Sleep" library="BuiltIn">
<arg>3</arg>
<doc>Pauses the test executed for the given time.</doc>
<msg timestamp="20250928 19:06:45.591" level="INFO">Slept 3 seconds</msg>
<status status="PASS" starttime="20250928 19:06:42.590" endtime="20250928 19:06:45.591"/>
</kw>
<kw name="Wait Until Element Is Visible" library="SeleniumLibrary">
<arg>${DRAG_DROP_LISTA_1}</arg>
<arg>timeout=15s</arg>
<doc>Waits until the element ``locator`` is visible.</doc>
<status status="PASS" starttime="20250928 19:06:45.591" endtime="20250928 19:06:45.610"/>
</kw>
<status status="PASS" starttime="20250928 19:06:41.711" endtime="20250928 19:06:45.610"/>
</kw>
<kw name="Então Reordeno Lista Na Ordem Decrescente" library="drag_drop">
<doc>Reordena a lista Sortable na ordem decrescente</doc>
<kw name="Drag And Drop" library="SeleniumLibrary">
<arg>${DRAG_DROP_ORDEM_1}</arg>
<arg>${DRAG_DROP_LISTA_6}</arg>
<doc>Drags the element identified by ``locator`` into the ``target`` element.</doc>
<status status="PASS" starttime="20250928 19:06:45.611" endtime="20250928 19:06:46.161"/>
</kw>
<kw name="Drag And Drop" library="SeleniumLibrary">
<arg>${DRAG_DROP_ORDEM_2}</arg>
<arg>${DRAG_DROP_LISTA_5}</arg>
<doc>Drags the element identified by ``locator`` into the ``target`` element.</doc>
<status status="PASS" starttime="20250928 19:06:46.161" endtime="20250928 19:06:46.704"/>
</kw>
<kw name="Drag And Drop" library="SeleniumLibrary">
<arg>${DRAG_DROP_ORDEM_3}</arg>
<arg>${DRAG_DROP_LISTA_4}</arg>
<doc>Drags the element identified by ``locator`` into the ``target`` element.</doc>
<status status="PASS" starttime="20250928 19:06:46.705" endtime="20250928 19:06:47.247"/>
</kw>
<kw name="Drag And Drop" library="SeleniumLibrary">
<arg>${DRAG_DROP_ORDEM_4}</arg>
<arg>${DRAG_DROP_LISTA_3}</arg>
<doc>Drags the element identified by ``locator`` into the ``target`` element.</doc>
<status status="PASS" starttime="20250928 19:06:47.247" endtime="20250928 19:06:47.792"/>
</kw>
<kw name="Drag And Drop" library="SeleniumLibrary">
<arg>${DRAG_DROP_ORDEM_5}</arg>
<arg>${DRAG_DROP_LISTA_2}</arg>
<doc>Drags the element identified by ``locator`` into the ``target`` element.</doc>
<status status="PASS" starttime="20250928 19:06:47.792" endtime="20250928 19:06:48.336"/>
</kw>
<kw name="Drag And Drop" library="SeleniumLibrary">
<arg>${DRAG_DROP_ORDEM_6}</arg>
<arg>${DRAG_DROP_LISTA_1}</arg>
<doc>Drags the element identified by ``locator`` into the ``target`` element.</doc>
<status status="PASS" starttime="20250928 19:06:48.336" endtime="20250928 19:06:48.876"/>
</kw>
<kw name="Element Text Should Be" library="SeleniumLibrary">
<arg>${DRAG_DROP_LISTA_6}</arg>
<arg>One</arg>
<doc>Verifies that element ``locator`` contains exact the text ``expected``.</doc>
<msg timestamp="20250928 19:06:48.876" level="WARN">Keyword 'Element Text Should Be' found both from a custom library 'SeleniumLibrary' and a standard library 'XML'. The custom keyword is used. To select explicitly, and to get rid of this warning, use either 'SeleniumLibrary.Element Text Should Be' or 'XML.Element Text Should Be'.</msg>
<msg timestamp="20250928 19:06:48.878" level="INFO">Verifying element 'xpath=//*[@id="demo-tabpane-list"]/div/div[6]' contains exact text 'One'.</msg>
<status status="PASS" starttime="20250928 19:06:48.876" endtime="20250928 19:06:48.891"/>
</kw>
<kw name="Element Text Should Be" library="SeleniumLibrary">
<arg>${DRAG_DROP_LISTA_5}</arg>
<arg>Two</arg>
<doc>Verifies that element ``locator`` contains exact the text ``expected``.</doc>
<msg timestamp="20250928 19:06:48.891" level="WARN">Keyword 'Element Text Should Be' found both from a custom library 'SeleniumLibrary' and a standard library 'XML'. The custom keyword is used. To select explicitly, and to get rid of this warning, use either 'SeleniumLibrary.Element Text Should Be' or 'XML.Element Text Should Be'.</msg>
<msg timestamp="20250928 19:06:48.892" level="INFO">Verifying element 'xpath=//*[@id="demo-tabpane-list"]/div/div[5]' contains exact text 'Two'.</msg>
<status status="PASS" starttime="20250928 19:06:48.891" endtime="20250928 19:06:48.901"/>
</kw>
<kw name="Element Text Should Be" library="SeleniumLibrary">
<arg>${DRAG_DROP_LISTA_4}</arg>
<arg>Three</arg>
<doc>Verifies that element ``locator`` contains exact the text ``expected``.</doc>
<msg timestamp="20250928 19:06:48.901" level="WARN">Keyword 'Element Text Should Be' found both from a custom library 'SeleniumLibrary' and a standard library 'XML'. The custom keyword is used. To select explicitly, and to get rid of this warning, use either 'SeleniumLibrary.Element Text Should Be' or 'XML.Element Text Should Be'.</msg>
<msg timestamp="20250928 19:06:48.902" level="INFO">Verifying element 'xpath=//*[@id="demo-tabpane-list"]/div/div[4]' contains exact text 'Three'.</msg>
<status status="PASS" starttime="20250928 19:06:48.901" endtime="20250928 19:06:48.910"/>
</kw>
<kw name="Element Text Should Be" library="SeleniumLibrary">
<arg>${DRAG_DROP_LISTA_3}</arg>
<arg>Four</arg>
<doc>Verifies that element ``locator`` contains exact the text ``expected``.</doc>
<msg timestamp="20250928 19:06:48.911" level="WARN">Keyword 'Element Text Should Be' found both from a custom library 'SeleniumLibrary' and a standard library 'XML'. The custom keyword is used. To select explicitly, and to get rid of this warning, use either 'SeleniumLibrary.Element Text Should Be' or 'XML.Element Text Should Be'.</msg>
<msg timestamp="20250928 19:06:48.911" level="INFO">Verifying element 'xpath=//*[@id="demo-tabpane-list"]/div/div[3]' contains exact text 'Four'.</msg>
<status status="PASS" starttime="20250928 19:06:48.911" endtime="20250928 19:06:48.921"/>
</kw>
<kw name="Element Text Should Be" library="SeleniumLibrary">
<arg>${DRAG_DROP_LISTA_2}</arg>
<arg>Five</arg>
<doc>Verifies that element ``locator`` contains exact the text ``expected``.</doc>
<msg timestamp="20250928 19:06:48.921" level="WARN">Keyword 'Element Text Should Be' found both from a custom library 'SeleniumLibrary' and a standard library 'XML'. The custom keyword is used. To select explicitly, and to get rid of this warning, use either 'SeleniumLibrary.Element Text Should Be' or 'XML.Element Text Should Be'.</msg>
<msg timestamp="20250928 19:06:48.922" level="INFO">Verifying element 'xpath=//*[@id="demo-tabpane-list"]/div/div[2]' contains exact text 'Five'.</msg>
<status status="PASS" starttime="20250928 19:06:48.921" endtime="20250928 19:06:48.930"/>
</kw>
<kw name="Element Text Should Be" library="SeleniumLibrary">
<arg>${DRAG_DROP_LISTA_1}</arg>
<arg>Six</arg>
<doc>Verifies that element ``locator`` contains exact the text ``expected``.</doc>
<msg timestamp="20250928 19:06:48.930" level="WARN">Keyword 'Element Text Should Be' found both from a custom library 'SeleniumLibrary' and a standard library 'XML'. The custom keyword is used. To select explicitly, and to get rid of this warning, use either 'SeleniumLibrary.Element Text Should Be' or 'XML.Element Text Should Be'.</msg>
<msg timestamp="20250928 19:06:48.931" level="INFO">Verifying element 'xpath=//*[@id="demo-tabpane-list"]/div/div[1]' contains exact text 'Six'.</msg>
<status status="PASS" starttime="20250928 19:06:48.930" endtime="20250928 19:06:48.939"/>
</kw>
<status status="PASS" starttime="20250928 19:06:45.610" endtime="20250928 19:06:48.939"/>
</kw>
<status status="PASS" starttime="20250928 19:06:41.710" endtime="20250928 19:06:48.939"/>
</test>
<kw name="Close Browser" library="SeleniumLibrary" type="TEARDOWN">
<doc>Closes the current browser.</doc>
<status status="PASS" starttime="20250928 19:06:48.940" endtime="20250928 19:06:51.091"/>
</kw>
<status status="PASS" starttime="20250928 19:06:35.945" endtime="20250928 19:06:51.091"/>
</suite>
<suite id="s1-s2" name="Elements" source="C:\Users\Bruno\Desktop\accenture_teste\web\features\elements.robot">
<kw name="abrir navegador" library="pratice_form" type="SETUP">
<kw name="Normalize Path" library="OperatingSystem">
<var>${FILE_PATH}</var>
<arg>C:\\Users\\Bruno\\Desktop\\accenture_teste\\web\\steps/${RELATIVE_PATH}</arg>
<doc>Normalizes the given path.</doc>
<msg timestamp="20250928 19:06:51.104" level="INFO">${FILE_PATH} = C:\Users\Bruno\Desktop\accenture_teste\web\resources\testfile.txt</msg>
<status status="PASS" starttime="20250928 19:06:51.104" endtime="20250928 19:06:51.104"/>
</kw>
<kw name="Set Suite Variable" library="BuiltIn">
<arg>${FILE_PATH}</arg>
<doc>Makes a variable available everywhere within the scope of the current suite.</doc>
<msg timestamp="20250928 19:06:51.105" level="INFO">${FILE_PATH} = C:\Users\Bruno\Desktop\accenture_teste\web\resources\testfile.txt</msg>
<status status="PASS" starttime="20250928 19:06:51.104" endtime="20250928 19:06:51.105"/>
</kw>
<kw name="Open Browser" library="SeleniumLibrary">
<arg>${URL}</arg>
<arg>chrome</arg>
<doc>Opens a new browser instance to the optional ``url``.</doc>
<msg timestamp="20250928 19:06:51.105" level="INFO">Opening browser 'chrome' to base url 'https://demoqa.com'.</msg>
<status status="PASS" starttime="20250928 19:06:51.105" endtime="20250928 19:06:56.156"/>
</kw>
<kw name="Maximize Browser Window" library="SeleniumLibrary">
<doc>Maximizes current browser window.</doc>
<status status="PASS" starttime="20250928 19:06:56.156" endtime="20250928 19:06:56.184"/>
</kw>
<status status="PASS" starttime="20250928 19:06:51.104" endtime="20250928 19:06:56.185"/>
</kw>
<test id="s1-s2-t1" name="Gerenciar Registros na Web Table" line="10">
<kw name="Dado Acesso Seção Web Tables" library="elements">
<kw name="clicar no elemento" library="base">
<arg>${ELEMENTS_BTN_ELEMENTS}</arg>
<kw name="Wait Until Element Is Visible" library="SeleniumLibrary">
<arg>${elemento}</arg>
<arg>timeout=10</arg>
<doc>Waits until the element ``locator`` is visible.</doc>
<status status="PASS" starttime="20250928 19:06:56.186" endtime="20250928 19:06:56.203"/>
</kw>
<kw name="Click Element" library="SeleniumLibrary">
<arg>${elemento}</arg>
<doc>Click the element identified by ``locator``.</doc>
<msg timestamp="20250928 19:06:56.204" level="INFO">Clicking element 'xpath=//h5[text()='Elements']/ancestor::div[@class='card mt-4 top-card']'.</msg>
<status status="PASS" starttime="20250928 19:06:56.203" endtime="20250928 19:06:56.313"/>
</kw>
<status status="PASS" starttime="20250928 19:06:56.186" endtime="20250928 19:06:56.313"/>
</kw>
<kw name="clicar no elemento" library="base">
<arg>${ELEMENTS_BTN_WEB_TABLES}</arg>
<kw name="Wait Until Element Is Visible" library="SeleniumLibrary">
<arg>${elemento}</arg>
<arg>timeout=10</arg>
<doc>Waits until the element ``locator`` is visible.</doc>
<status status="PASS" starttime="20250928 19:06:56.313" endtime="20250928 19:06:56.325"/>
</kw>
<kw name="Click Element" library="SeleniumLibrary">
<arg>${elemento}</arg>
<doc>Click the element identified by ``locator``.</doc>
<msg timestamp="20250928 19:06:56.326" level="INFO">Clicking element 'xpath=//span[text()='Web Tables']'.</msg>
<status status="PASS" starttime="20250928 19:06:56.325" endtime="20250928 19:06:56.382"/>
</kw>
<status status="PASS" starttime="20250928 19:06:56.313" endtime="20250928 19:06:56.382"/>
</kw>
<status status="PASS" starttime="20250928 19:06:56.186" endtime="20250928 19:06:56.382"/>
</kw>
<kw name="Quando Crio Novo Registro" library="elements">
<arg>joao</arg>
<arg>silva</arg>
<arg>joao.silva@example.com</arg>
<arg>30</arg>
<arg>5000</arg>
<arg>Analista de Qualidade</arg>
<kw name="Execute Javascript" library="SeleniumLibrary">
<arg>document.getElementById('fixedban').style.display='none';</arg>
<doc>Executes the given JavaScript code with possible arguments.</doc>
<msg timestamp="20250928 19:06:56.383" level="INFO">Executing JavaScript:
document.getElementById('fixedban').style.display='none';
Without any arguments.</msg>
<status status="PASS" starttime="20250928 19:06:56.383" endtime="20250928 19:06:56.386"/>
</kw>
<kw name="clicar no elemento" library="base">
<arg>${ELEMENTS_BTN_ADD}</arg>
<kw name="Wait Until Element Is Visible" library="SeleniumLibrary">
<arg>${elemento}</arg>
<arg>timeout=10</arg>
<doc>Waits until the element ``locator`` is visible.</doc>
<status status="PASS" starttime="20250928 19:06:56.387" endtime="20250928 19:06:56.398"/>
</kw>
<kw name="Click Element" library="SeleniumLibrary">
<arg>${elemento}</arg>
<doc>Click the element identified by ``locator``.</doc>
<msg timestamp="20250928 19:06:56.398" level="INFO">Clicking element 'id=addNewRecordButton'.</msg>
<status status="PASS" starttime="20250928 19:06:56.398" endtime="20250928 19:06:56.446"/>
</kw>
<status status="PASS" starttime="20250928 19:06:56.386" endtime="20250928 19:06:56.447"/>
</kw>
<kw name="Input Text" library="SeleniumLibrary">
<arg>${ELEMENTS_INPUT_PRIMEIRO_NOME}</arg>
<arg>${primeiro_nome}</arg>
<doc>Types the given ``text`` into the text field identified by ``locator``.</doc>
<msg timestamp="20250928 19:06:56.447" level="INFO">Typing text 'joao' into text field 'id=firstName'.</msg>
<status status="PASS" starttime="20250928 19:06:56.447" endtime="20250928 19:06:56.545"/>
</kw>
<kw name="Input Text" library="SeleniumLibrary">
<arg>${ELEMENTS_INPUT_SEGUNDO_NOME}</arg>
<arg>${segundo_nome}</arg>
<doc>Types the given ``text`` into the text field identified by ``locator``.</doc>
<msg timestamp="20250928 19:06:56.546" level="INFO">Typing text 'silva' into text field 'id=lastName'.</msg>
<status status="PASS" starttime="20250928 19:06:56.545" endtime="20250928 19:06:56.616"/>
</kw>
<kw name="Input Text" library="SeleniumLibrary">
<arg>${ELEMENTS_INPUT_EMAIL}</arg>
<arg>${email}</arg>
<doc>Types the given ``text`` into the text field identified by ``locator``.</doc>
<msg timestamp="20250928 19:06:56.616" level="INFO">Typing text 'joao.silva@example.com' into text field 'id=userEmail'.</msg>
<status status="PASS" starttime="20250928 19:06:56.616" endtime="20250928 19:06:56.689"/>
</kw>
<kw name="Input Text" library="SeleniumLibrary">
<arg>${ELEMENTS_INPUT_IDADE}</arg>
<arg>${idade}</arg>
<doc>Types the given ``text`` into the text field identified by ``locator``.</doc>
<msg timestamp="20250928 19:06:56.690" level="INFO">Typing text '30' into text field 'id=age'.</msg>
<status status="PASS" starttime="20250928 19:06:56.689" endtime="20250928 19:06:56.738"/>
</kw>
<kw name="Input Text" library="SeleniumLibrary">
<arg>${ELEMENTS_INPUT_SALARIO}</arg>
<arg>${salario}</arg>
<doc>Types the given ``text`` into the text field identified by ``locator``.</doc>
<msg timestamp="20250928 19:06:56.738" level="INFO">Typing text '5000' into text field 'id=salary'.</msg>
<status status="PASS" starttime="20250928 19:06:56.738" endtime="20250928 19:06:56.813"/>
</kw>
<kw name="Input Text" library="SeleniumLibrary">
<arg>${ELEMENTS_INPUT_DEPARTAMENTO}</arg>
<arg>${departamento}</arg>
<doc>Types the given ``text`` into the text field identified by ``locator``.</doc>
<msg timestamp="20250928 19:06:56.814" level="INFO">Typing text 'Analista de Qualidade' into text field 'id=department'.</msg>
<status status="PASS" starttime="20250928 19:06:56.813" endtime="20250928 19:06:56.935"/>
</kw>
<kw name="Click Button" library="SeleniumLibrary">
<arg>${ELEMENTS_BTN_SUBMIT}</arg>
<doc>Clicks the button identified by ``locator``.</doc>
<msg timestamp="20250928 19:06:56.935" level="INFO">Clicking button 'id=submit'.</msg>
<status status="PASS" starttime="20250928 19:06:56.935" endtime="20250928 19:06:57.019"/>
</kw>
<status status="PASS" starttime="20250928 19:06:56.382" endtime="20250928 19:06:57.019"/>
</kw>
<kw name="E Edito Registro" library="elements">
<arg>joao.silva@example.com</arg>
<arg>FirstName=maria</arg>
<arg>LastName=joaquina</arg>
<arg>UserEmail=maria.joaquina@example.com</arg>
<kw name="Set Variable" library="BuiltIn">
<var>${row_xpath}</var>
<arg>//div[@class='rt-tbody']//div[text()='${email_to_edit}']/ancestor::div[contains(@class,'rt-tr-group')]</arg>
<doc>Returns the given values which can then be assigned to a variables.</doc>
<msg timestamp="20250928 19:06:57.019" level="INFO">${row_xpath} = //div[@class='rt-tbody']//div[text()='joao.silva@example.com']/ancestor::div[contains(@class,'rt-tr-group')]</msg>
<status status="PASS" starttime="20250928 19:06:57.019" endtime="20250928 19:06:57.019"/>
</kw>
<kw name="clicar no elemento" library="base">
<arg>${row_xpath}//span[@title='Edit']</arg>
<kw name="Wait Until Element Is Visible" library="SeleniumLibrary">
<arg>${elemento}</arg>
<arg>timeout=10</arg>
<doc>Waits until the element ``locator`` is visible.</doc>
<status status="PASS" starttime="20250928 19:06:57.020" endtime="20250928 19:06:57.037"/>
</kw>
<kw name="Click Element" library="SeleniumLibrary">
<arg>${elemento}</arg>
<doc>Click the element identified by ``locator``.</doc>
<msg timestamp="20250928 19:06:57.037" level="INFO">Clicking element '//div[@class='rt-tbody']//div[text()='joao.silva@example.com']/ancestor::div[contains(@class,'rt-tr-group')]//span[@title='Edit']'.</msg>
<status status="PASS" starttime="20250928 19:06:57.037" endtime="20250928 19:06:57.081"/>
</kw>
<status status="PASS" starttime="20250928 19:06:57.019" endtime="20250928 19:06:57.082"/>
</kw>
<for flavor="IN">
<var>${change}</var>
<value>@{changes}</value>
<iter>
<var name="${change}">FirstName=maria</var>
<kw name="Split String" library="String">
<var>${pair}</var>
<arg>${change}</arg>
<arg>=</arg>
<doc>Splits the ``string`` using ``separator`` as a delimiter string.</doc>
<msg timestamp="20250928 19:06:57.082" level="INFO">${pair} = ['FirstName', 'maria']</msg>
<status status="PASS" starttime="20250928 19:06:57.082" endtime="20250928 19:06:57.082"/>
</kw>
<kw name="Set Variable" library="BuiltIn">
<var>${field}</var>
<arg>${pair}[0]</arg>
<doc>Returns the given values which can then be assigned to a variables.</doc>
<msg timestamp="20250928 19:06:57.082" level="INFO">${field} = FirstName</msg>
<status status="PASS" starttime="20250928 19:06:57.082" endtime="20250928 19:06:57.082"/>
</kw>
<kw name="Set Variable" library="BuiltIn">
<var>${value}</var>
<arg>${pair}[1]</arg>
<doc>Returns the given values which can then be assigned to a variables.</doc>
<msg timestamp="20250928 19:06:57.082" level="INFO">${value} = maria</msg>
<status status="PASS" starttime="20250928 19:06:57.082" endtime="20250928 19:06:57.082"/>
</kw>
<kw name="Convert To Lower Case" library="String">
<var>${field_lower}</var>
<arg>${field[0]}</arg>
<doc>Converts string to lower case.</doc>
<msg timestamp="20250928 19:06:57.083" level="INFO">${field_lower} = f</msg>
<status status="PASS" starttime="20250928 19:06:57.082" endtime="20250928 19:06:57.083"/>
</kw>
<kw name="Evaluate" library="BuiltIn">
<var>${field_rest}</var>
<arg>"${field}"[1:]</arg>
<doc>Evaluates the given expression in Python and returns the result.</doc>
<msg timestamp="20250928 19:06:57.083" level="INFO">${field_rest} = irstName</msg>
<status status="PASS" starttime="20250928 19:06:57.083" endtime="20250928 19:06:57.083"/>
</kw>
<kw name="Set Variable" library="BuiltIn">
<var>${input_id}</var>
<arg>id=${field_lower}${field_rest}</arg>
<doc>Returns the given values which can then be assigned to a variables.</doc>
<msg timestamp="20250928 19:06:57.083" level="INFO">${input_id} = id=firstName</msg>
<status status="PASS" starttime="20250928 19:06:57.083" endtime="20250928 19:06:57.083"/>
</kw>
<kw name="Input Text" library="SeleniumLibrary">
<arg>${input_id}</arg>
<arg>${value}</arg>
<doc>Types the given ``text`` into the text field identified by ``locator``.</doc>
<msg timestamp="20250928 19:06:57.084" level="INFO">Typing text 'maria' into text field 'id=firstName'.</msg>
<status status="PASS" starttime="20250928 19:06:57.084" endtime="20250928 19:06:57.166"/>
</kw>
<status status="PASS" starttime="20250928 19:06:57.082" endtime="20250928 19:06:57.166"/>
</iter>
<iter>
<var name="${change}">LastName=joaquina</var>
<kw name="Split String" library="String">
<var>${pair}</var>
<arg>${change}</arg>
<arg>=</arg>
<doc>Splits the ``string`` using ``separator`` as a delimiter string.</doc>
<msg timestamp="20250928 19:06:57.167" level="INFO">${pair} = ['LastName', 'joaquina']</msg>
<status status="PASS" starttime="20250928 19:06:57.167" endtime="20250928 19:06:57.167"/>
</kw>
<kw name="Set Variable" library="BuiltIn">
<var>${field}</var>
<arg>${pair}[0]</arg>
<doc>Returns the given values which can then be assigned to a variables.</doc>
<msg timestamp="20250928 19:06:57.167" level="INFO">${field} = LastName</msg>
<status status="PASS" starttime="20250928 19:06:57.167" endtime="20250928 19:06:57.167"/>
</kw>
<kw name="Set Variable" library="BuiltIn">
<var>${value}</var>
<arg>${pair}[1]</arg>
<doc>Returns the given values which can then be assigned to a variables.</doc>
<msg timestamp="20250928 19:06:57.167" level="INFO">${value} = joaquina</msg>
<status status="PASS" starttime="20250928 19:06:57.167" endtime="20250928 19:06:57.167"/>
</kw>
<kw name="Convert To Lower Case" library="String">
<var>${field_lower}</var>
<arg>${field[0]}</arg>
<doc>Converts string to lower case.</doc>
<msg timestamp="20250928 19:06:57.168" level="INFO">${field_lower} = l</msg>
<status status="PASS" starttime="20250928 19:06:57.167" endtime="20250928 19:06:57.168"/>
</kw>
<kw name="Evaluate" library="BuiltIn">
<var>${field_rest}</var>
<arg>"${field}"[1:]</arg>
<doc>Evaluates the given expression in Python and returns the result.</doc>
<msg timestamp="20250928 19:06:57.168" level="INFO">${field_rest} = astName</msg>
<status status="PASS" starttime="20250928 19:06:57.168" endtime="20250928 19:06:57.168"/>
</kw>
<kw name="Set Variable" library="BuiltIn">
<var>${input_id}</var>
<arg>id=${field_lower}${field_rest}</arg>
<doc>Returns the given values which can then be assigned to a variables.</doc>
<msg timestamp="20250928 19:06:57.168" level="INFO">${input_id} = id=lastName</msg>
<status status="PASS" starttime="20250928 19:06:57.168" endtime="20250928 19:06:57.168"/>
</kw>
<kw name="Input Text" library="SeleniumLibrary">
<arg>${input_id}</arg>
<arg>${value}</arg>
<doc>Types the given ``text`` into the text field identified by ``locator``.</doc>
<msg timestamp="20250928 19:06:57.169" level="INFO">Typing text 'joaquina' into text field 'id=lastName'.</msg>
<status status="PASS" starttime="20250928 19:06:57.168" endtime="20250928 19:06:57.228"/>
</kw>
<status status="PASS" starttime="20250928 19:06:57.167" endtime="20250928 19:06:57.228"/>
</iter>
<iter>
<var name="${change}">UserEmail=maria.joaquina@example.com</var>
<kw name="Split String" library="String">
<var>${pair}</var>
<arg>${change}</arg>
<arg>=</arg>
<doc>Splits the ``string`` using ``separator`` as a delimiter string.</doc>
<msg timestamp="20250928 19:06:57.228" level="INFO">${pair} = ['UserEmail', 'maria.joaquina@example.com']</msg>
<status status="PASS" starttime="20250928 19:06:57.228" endtime="20250928 19:06:57.228"/>
</kw>
<kw name="Set Variable" library="BuiltIn">
<var>${field}</var>
<arg>${pair}[0]</arg>
<doc>Returns the given values which can then be assigned to a variables.</doc>
<msg timestamp="20250928 19:06:57.228" level="INFO">${field} = UserEmail</msg>
<status status="PASS" starttime="20250928 19:06:57.228" endtime="20250928 19:06:57.228"/>
</kw>
<kw name="Set Variable" library="BuiltIn">
<var>${value}</var>
<arg>${pair}[1]</arg>
<doc>Returns the given values which can then be assigned to a variables.</doc>
<msg timestamp="20250928 19:06:57.229" level="INFO">${value} = maria.joaquina@example.com</msg>
<status status="PASS" starttime="20250928 19:06:57.229" endtime="20250928 19:06:57.229"/>
</kw>
<kw name="Convert To Lower Case" library="String">
<var>${field_lower}</var>
<arg>${field[0]}</arg>
<doc>Converts string to lower case.</doc>
<msg timestamp="20250928 19:06:57.229" level="INFO">${field_lower} = u</msg>
<status status="PASS" starttime="20250928 19:06:57.229" endtime="20250928 19:06:57.229"/>
</kw>
<kw name="Evaluate" library="BuiltIn">
<var>${field_rest}</var>
<arg>"${field}"[1:]</arg>
<doc>Evaluates the given expression in Python and returns the result.</doc>
<msg timestamp="20250928 19:06:57.229" level="INFO">${field_rest} = serEmail</msg>
<status status="PASS" starttime="20250928 19:06:57.229" endtime="20250928 19:06:57.229"/>
</kw>
<kw name="Set Variable" library="BuiltIn">
<var>${input_id}</var>
<arg>id=${field_lower}${field_rest}</arg>
<doc>Returns the given values which can then be assigned to a variables.</doc>
<msg timestamp="20250928 19:06:57.230" level="INFO">${input_id} = id=userEmail</msg>
<status status="PASS" starttime="20250928 19:06:57.229" endtime="20250928 19:06:57.230"/>
</kw>
<kw name="Input Text" library="SeleniumLibrary">
<arg>${input_id}</arg>
<arg>${value}</arg>
<doc>Types the given ``text`` into the text field identified by ``locator``.</doc>
<msg timestamp="20250928 19:06:57.230" level="INFO">Typing text 'maria.joaquina@example.com' into text field 'id=userEmail'.</msg>
<status status="PASS" starttime="20250928 19:06:57.230" endtime="20250928 19:06:57.299"/>
</kw>
<status status="PASS" starttime="20250928 19:06:57.228" endtime="20250928 19:06:57.299"/>
</iter>
<status status="PASS" starttime="20250928 19:06:57.082" endtime="20250928 19:06:57.299"/>
</for>
<kw name="Click Button" library="SeleniumLibrary">
<arg>id=submit</arg>
<doc>Clicks the button identified by ``locator``.</doc>
<msg timestamp="20250928 19:06:57.300" level="INFO">Clicking button 'id=submit'.</msg>
<status status="PASS" starttime="20250928 19:06:57.299" endtime="20250928 19:06:57.352"/>
</kw>
<status status="PASS" starttime="20250928 19:06:57.019" endtime="20250928 19:06:57.352"/>
</kw>
<kw name="Então Deleto Registro" library="elements">
<arg>maria.joaquina@example.com</arg>
<kw name="Set Variable" library="BuiltIn">
<var>${row_xpath}</var>
<arg>//div[@class='rt-tbody']//div[text()='${email_to_delete}']/ancestor::div[contains(@class,'rt-tr-group')]</arg>
<doc>Returns the given values which can then be assigned to a variables.</doc>
<msg timestamp="20250928 19:06:57.353" level="INFO">${row_xpath} = //div[@class='rt-tbody']//div[text()='maria.joaquina@example.com']/ancestor::div[contains(@class,'rt-tr-group')]</msg>
<status status="PASS" starttime="20250928 19:06:57.353" endtime="20250928 19:06:57.353"/>
</kw>
<kw name="clicar no elemento" library="base">
<arg>${row_xpath}${ELEMENTS_BTN_DELETE}</arg>
<kw name="Wait Until Element Is Visible" library="SeleniumLibrary">
<arg>${elemento}</arg>
<arg>timeout=10</arg>
<doc>Waits until the element ``locator`` is visible.</doc>
<status status="PASS" starttime="20250928 19:06:57.353" endtime="20250928 19:06:57.379"/>
</kw>
<kw name="Click Element" library="SeleniumLibrary">
<arg>${elemento}</arg>
<doc>Click the element identified by ``locator``.</doc>
<msg timestamp="20250928 19:06:57.380" level="INFO">Clicking element '//div[@class='rt-tbody']//div[text()='maria.joaquina@example.com']/ancestor::div[contains(@class,'rt-tr-group')]//span[@title='Delete']'.</msg>
<status status="PASS" starttime="20250928 19:06:57.379" endtime="20250928 19:06:57.448"/>
</kw>
<status status="PASS" starttime="20250928 19:06:57.353" endtime="20250928 19:06:57.448"/>
</kw>
<status status="PASS" starttime="20250928 19:06:57.353" endtime="20250928 19:06:57.448"/>
</kw>
<status status="PASS" starttime="20250928 19:06:56.185" endtime="20250928 19:06:57.449"/>
</test>
<kw name="Close Browser" library="SeleniumLibrary" type="TEARDOWN">
<doc>Closes the current browser.</doc>
<status status="PASS" starttime="20250928 19:06:57.450" endtime="20250928 19:06:59.564"/>
</kw>
<status status="PASS" starttime="20250928 19:06:51.092" endtime="20250928 19:06:59.564"/>
</suite>
<suite id="s1-s3" name="New Window" source="C:\Users\Bruno\Desktop\accenture_teste\web\features\new_window.robot">
<kw name="abrir navegador" library="pratice_form" type="SETUP">
<kw name="Normalize Path" library="OperatingSystem">
<var>${FILE_PATH}</var>
<arg>C:\\Users\\Bruno\\Desktop\\accenture_teste\\web\\steps/${RELATIVE_PATH}</arg>
<doc>Normalizes the given path.</doc>
<msg timestamp="20250928 19:06:59.577" level="INFO">${FILE_PATH} = C:\Users\Bruno\Desktop\accenture_teste\web\resources\testfile.txt</msg>
<status status="PASS" starttime="20250928 19:06:59.577" endtime="20250928 19:06:59.577"/>
</kw>
<kw name="Set Suite Variable" library="BuiltIn">
<arg>${FILE_PATH}</arg>
<doc>Makes a variable available everywhere within the scope of the current suite.</doc>
<msg timestamp="20250928 19:06:59.577" level="INFO">${FILE_PATH} = C:\Users\Bruno\Desktop\accenture_teste\web\resources\testfile.txt</msg>
<status status="PASS" starttime="20250928 19:06:59.577" endtime="20250928 19:06:59.577"/>
</kw>
<kw name="Open Browser" library="SeleniumLibrary">
<arg>${URL}</arg>
<arg>chrome</arg>
<doc>Opens a new browser instance to the optional ``url``.</doc>
<msg timestamp="20250928 19:06:59.577" level="INFO">Opening browser 'chrome' to base url 'https://demoqa.com'.</msg>
<status status="PASS" starttime="20250928 19:06:59.577" endtime="20250928 19:07:04.567"/>
</kw>
<kw name="Maximize Browser Window" library="SeleniumLibrary">
<doc>Maximizes current browser window.</doc>
<status status="PASS" starttime="20250928 19:07:04.567" endtime="20250928 19:07:04.595"/>
</kw>
<status status="PASS" starttime="20250928 19:06:59.576" endtime="20250928 19:07:04.595"/>
</kw>
<test id="s1-s3-t1" name="Validar Nova Janela No DemoQA" line="10">
<kw name="Dado Acesso Seção Browser Windows" library="new_window">
<kw name="Scroll Element Into View" library="SeleniumLibrary">
<arg>xpath=//h5[text()='Alerts, Frame &amp; Windows']/ancestor::div[@class='card mt-4 top-card']</arg>
<doc>Scrolls the element identified by ``locator`` into view.</doc>
<status status="PASS" starttime="20250928 19:07:04.596" endtime="20250928 19:07:04.890"/>
</kw>
<kw name="Click Element Via JS" library="new_window">
<arg>//h5[text()='Alerts, Frame &amp; Windows']/ancestor::div[@class='card mt-4 top-card']</arg>
<kw name="Execute Javascript" library="SeleniumLibrary">
<arg>document.evaluate("${locator}", document, null, XPathResult.FIRST_ORDERED_NODE_TYPE, null).singleNodeValue.click()</arg>
<doc>Executes the given JavaScript code with possible arguments.</doc>
<msg timestamp="20250928 19:07:04.890" level="INFO">Executing JavaScript:
document.evaluate("//h5[text()='Alerts, Frame &amp; Windows']/ancestor::div[@class='card mt-4 top-card']", document, null, XPathResult.FIRST_ORDERED_NODE_TYPE, null).singleNodeValue.click()
Without any arguments.</msg>
<status status="PASS" starttime="20250928 19:07:04.890" endtime="20250928 19:07:04.964"/>
</kw>
<status status="PASS" starttime="20250928 19:07:04.890" endtime="20250928 19:07:04.964"/>
</kw>
<kw name="clicar no elemento" library="base">
<arg>${NEW_WINDOWS_BTN_BROWSER}</arg>
<kw name="Wait Until Element Is Visible" library="SeleniumLibrary">
<arg>${elemento}</arg>
<arg>timeout=10</arg>
<doc>Waits until the element ``locator`` is visible.</doc>
<status status="PASS" starttime="20250928 19:07:04.965" endtime="20250928 19:07:04.990"/>
</kw>
<kw name="Click Element" library="SeleniumLibrary">
<arg>${elemento}</arg>
<doc>Click the element identified by ``locator``.</doc>
<msg timestamp="20250928 19:07:04.990" level="INFO">Clicking element 'xpath=//span[text()='Browser Windows']'.</msg>
<status status="PASS" starttime="20250928 19:07:04.990" endtime="20250928 19:07:05.033"/>
</kw>
<status status="PASS" starttime="20250928 19:07:04.964" endtime="20250928 19:07:05.033"/>
</kw>
<status status="PASS" starttime="20250928 19:07:04.595" endtime="20250928 19:07:05.033"/>
</kw>
<kw name="Quando Clico No Botao New Window" library="new_window">
<kw name="clicar no elemento" library="base">
<arg>${NEW_WINDOWS_BTN_NEW_WINDOW}</arg>
<kw name="Wait Until Element Is Visible" library="SeleniumLibrary">
<arg>${elemento}</arg>
<arg>timeout=10</arg>
<doc>Waits until the element ``locator`` is visible.</doc>
<status status="PASS" starttime="20250928 19:07:05.034" endtime="20250928 19:07:05.048"/>
</kw>
<kw name="Click Element" library="SeleniumLibrary">
<arg>${elemento}</arg>
<doc>Click the element identified by ``locator``.</doc>
<msg timestamp="20250928 19:07:05.048" level="INFO">Clicking element 'id=windowButton'.</msg>
<status status="PASS" starttime="20250928 19:07:05.048" endtime="20250928 19:07:05.131"/>
</kw>
<status status="PASS" starttime="20250928 19:07:05.034" endtime="20250928 19:07:05.131"/>
</kw>
<status status="PASS" starttime="20250928 19:07:05.034" endtime="20250928 19:07:05.131"/>
</kw>
<kw name="E Verifico Nova Janela Com Mensagem Esperada" library="new_window">
<kw name="Get Window Handles" library="SeleniumLibrary">
<var>${id_janela}</var>
<doc>Returns all child window handles of the selected browser as a list.</doc>
<msg timestamp="20250928 19:07:05.138" level="INFO">${id_janela} = ['13FBC5A97560D9A63D28D263185F1F72', 'B68C5630E52AF34D52051F4783DEB454']</msg>
<status status="PASS" starttime="20250928 19:07:05.132" endtime="20250928 19:07:05.138"/>
</kw>
<kw name="Get From List" library="Collections">
<var>${main}</var>
<arg>${id_janela}</arg>
<arg>0</arg>
<doc>Returns the value specified with an ``index`` from ``list``.</doc>
<msg timestamp="20250928 19:07:05.139" level="INFO">${main} = 13FBC5A97560D9A63D28D263185F1F72</msg>
<status status="PASS" starttime="20250928 19:07:05.138" endtime="20250928 19:07:05.139"/>
</kw>
<kw name="Set Suite Variable" library="BuiltIn">
<arg>${main_window}</arg>
<arg>${main}</arg>
<doc>Makes a variable available everywhere within the scope of the current suite.</doc>
<msg timestamp="20250928 19:07:05.140" level="INFO">${main_window} = 13FBC5A97560D9A63D28D263185F1F72</msg>
<status status="PASS" starttime="20250928 19:07:05.139" endtime="20250928 19:07:05.140"/>
</kw>
<kw name="Wait Until Keyword Succeeds" library="BuiltIn">
<arg>5x</arg>
<arg>1s</arg>
<arg>Nova Janela Deve Ser Aberta</arg>
<doc>Runs the specified keyword and retries if it fails.</doc>
<kw name="Nova Janela Deve Ser Aberta" library="new_window">
<kw name="Get Window Handles" library="SeleniumLibrary">
<var>${id_janela}</var>
<doc>Returns all child window handles of the selected browser as a list.</doc>
<msg timestamp="20250928 19:07:05.141" level="INFO">${id_janela} = ['13FBC5A97560D9A63D28D263185F1F72', 'B68C5630E52AF34D52051F4783DEB454']</msg>
<status status="PASS" starttime="20250928 19:07:05.140" endtime="20250928 19:07:05.141"/>
</kw>
<kw name="Length Should Be" library="BuiltIn">
<arg>${id_janela}</arg>
<arg>2</arg>
<doc>Verifies that the length of the given item is correct.</doc>
<msg timestamp="20250928 19:07:05.142" level="INFO">Length is 2</msg>
<status status="PASS" starttime="20250928 19:07:05.141" endtime="20250928 19:07:05.142"/>
</kw>
<status status="PASS" starttime="20250928 19:07:05.140" endtime="20250928 19:07:05.142"/>
</kw>
<status status="PASS" starttime="20250928 19:07:05.140" endtime="20250928 19:07:05.142"/>
</kw>
<kw name="Get Window Handles" library="SeleniumLibrary">
<var>${nova_id_janela}</var>
<doc>Returns all child window handles of the selected browser as a list.</doc>
<msg timestamp="20250928 19:07:05.143" level="INFO">${nova_id_janela} = ['13FBC5A97560D9A63D28D263185F1F72', 'B68C5630E52AF34D52051F4783DEB454']</msg>
<status status="PASS" starttime="20250928 19:07:05.142" endtime="20250928 19:07:05.143"/>
</kw>
<for flavor="IN">
<var>${janela}</var>
<value>@{nova_id_janela}</value>
<iter>
<var name="${janela}">13FBC5A97560D9A63D28D263185F1F72</var>
<kw name="Run Keyword If" library="BuiltIn">
<arg>'${janela}' != '${main_window}'</arg>
<arg>Switch Window</arg>
<arg>${janela}</arg>
<doc>Runs the given keyword with the given arguments, if ``condition`` is true.</doc>
<status status="PASS" starttime="20250928 19:07:05.143" endtime="20250928 19:07:05.143"/>
</kw>
<status status="PASS" starttime="20250928 19:07:05.143" endtime="20250928 19:07:05.143"/>
</iter>
<iter>
<var name="${janela}">B68C5630E52AF34D52051F4783DEB454</var>
<kw name="Run Keyword If" library="BuiltIn">
<arg>'${janela}' != '${main_window}'</arg>
<arg>Switch Window</arg>
<arg>${janela}</arg>
<doc>Runs the given keyword with the given arguments, if ``condition`` is true.</doc>
<kw name="Switch Window" library="SeleniumLibrary">
<arg>${janela}</arg>
<doc>Switches to browser window matching ``locator``.</doc>
<status status="PASS" starttime="20250928 19:07:05.144" endtime="20250928 19:07:05.164"/>
</kw>
<status status="PASS" starttime="20250928 19:07:05.144" endtime="20250928 19:07:05.164"/>
</kw>
<status status="PASS" starttime="20250928 19:07:05.143" endtime="20250928 19:07:05.164"/>
</iter>
<status status="PASS" starttime="20250928 19:07:05.143" endtime="20250928 19:07:05.164"/>
</for>
<kw name="Wait Until Page Contains" library="SeleniumLibrary">
<arg>This is a sample page</arg>
<doc>Waits until ``text`` appears on the current page.</doc>
<status status="PASS" starttime="20250928 19:07:05.164" endtime="20250928 19:07:05.351"/>
</kw>
<kw name="Page Should Contain" library="SeleniumLibrary">
<arg>This is a sample page</arg>
<doc>Verifies that current page contains ``text``.</doc>
<msg timestamp="20250928 19:07:05.356" level="INFO">Current page contains text 'This is a sample page'.</msg>
<status status="PASS" starttime="20250928 19:07:05.351" endtime="20250928 19:07:05.356"/>
</kw>
<status status="PASS" starttime="20250928 19:07:05.132" endtime="20250928 19:07:05.356"/>
</kw>
<kw name="Então Fecho Nova Janela" library="new_window">
<kw name="Close Window" library="SeleniumLibrary">
<doc>Closes currently opened and selected browser window/tab.</doc>
<status status="PASS" starttime="20250928 19:07:05.356" endtime="20250928 19:07:05.379"/>
</kw>
<kw name="Switch Window" library="SeleniumLibrary">
<arg>${main_window}</arg>
<doc>Switches to browser window matching ``locator``.</doc>
<status status="PASS" starttime="20250928 19:07:05.379" endtime="20250928 19:07:05.385"/>
</kw>
<status status="PASS" starttime="20250928 19:07:05.356" endtime="20250928 19:07:05.385"/>
</kw>
<status status="PASS" starttime="20250928 19:07:04.595" endtime="20250928 19:07:05.385"/>
</test>
<kw name="Close Browser" library="SeleniumLibrary" type="TEARDOWN">
<doc>Closes the current browser.</doc>
<status status="PASS" starttime="20250928 19:07:05.386" endtime="20250928 19:07:07.514"/>
</kw>
<status status="PASS" starttime="20250928 19:06:59.565" endtime="20250928 19:07:07.514"/>
</suite>
<suite id="s1-s4" name="Pratice Form" source="C:\Users\Bruno\Desktop\accenture_teste\web\features\pratice_form.robot">
<kw name="abrir navegador" library="pratice_form" type="SETUP">
<kw name="Normalize Path" library="OperatingSystem">
<var>${FILE_PATH}</var>
<arg>C:\\Users\\Bruno\\Desktop\\accenture_teste\\web\\steps/${RELATIVE_PATH}</arg>
<doc>Normalizes the given path.</doc>
<msg timestamp="20250928 19:07:07.527" level="INFO">${FILE_PATH} = C:\Users\Bruno\Desktop\accenture_teste\web\resources\testfile.txt</msg>
<status status="PASS" starttime="20250928 19:07:07.527" endtime="20250928 19:07:07.527"/>
</kw>
<kw name="Set Suite Variable" library="BuiltIn">
<arg>${FILE_PATH}</arg>
<doc>Makes a variable available everywhere within the scope of the current suite.</doc>
<msg timestamp="20250928 19:07:07.527" level="INFO">${FILE_PATH} = C:\Users\Bruno\Desktop\accenture_teste\web\resources\testfile.txt</msg>
<status status="PASS" starttime="20250928 19:07:07.527" endtime="20250928 19:07:07.527"/>
</kw>
<kw name="Open Browser" library="SeleniumLibrary">
<arg>${URL}</arg>
<arg>chrome</arg>
<doc>Opens a new browser instance to the optional ``url``.</doc>
<msg timestamp="20250928 19:07:07.528" level="INFO">Opening browser 'chrome' to base url 'https://demoqa.com'.</msg>
<status status="PASS" starttime="20250928 19:07:07.527" endtime="20250928 19:07:12.438"/>
</kw>
<kw name="Maximize Browser Window" library="SeleniumLibrary">
<doc>Maximizes current browser window.</doc>
<status status="PASS" starttime="20250928 19:07:12.438" endtime="20250928 19:07:12.465"/>
</kw>
<status status="PASS" starttime="20250928 19:07:07.527" endtime="20250928 19:07:12.466"/>
</kw>
<test id="s1-s4-t1" name="Preencher e Submeter o Formulário do DemoQA" line="10">
<kw name="Dado Acesso Seção Practice Form" library="pratice_form">
<kw name="Execute Javascript" library="SeleniumLibrary">
<arg>document.getElementById('fixedban').style.display='none';</arg>
<doc>Executes the given JavaScript code with possible arguments.</doc>
<msg timestamp="20250928 19:07:12.467" level="INFO">Executing JavaScript:
document.getElementById('fixedban').style.display='none';
Without any arguments.</msg>
<status status="PASS" starttime="20250928 19:07:12.466" endtime="20250928 19:07:12.470"/>
</kw>
<kw name="Click Element Via JS" library="pratice_form">
<arg>//h5[text()='Forms']/ancestor::div[@class='card mt-4 top-card']</arg>
<kw name="Execute Javascript" library="SeleniumLibrary">
<arg>document.evaluate("${locator}", document, null, XPathResult.FIRST_ORDERED_NODE_TYPE, null).singleNodeValue.click();</arg>
<doc>Executes the given JavaScript code with possible arguments.</doc>
<msg timestamp="20250928 19:07:12.471" level="INFO">Executing JavaScript:
document.evaluate("//h5[text()='Forms']/ancestor::div[@class='card mt-4 top-card']", document, null, XPathResult.FIRST_ORDERED_NODE_TYPE, null).singleNodeValue.click();
Without any arguments.</msg>
<status status="PASS" starttime="20250928 19:07:12.471" endtime="20250928 19:07:12.518"/>
</kw>
<status status="PASS" starttime="20250928 19:07:12.470" endtime="20250928 19:07:12.518"/>
</kw>
<kw name="Wait Until Element Is Visible" library="SeleniumLibrary">
<arg>${FORMS_BTN_PRATICE_FORM}</arg>
<doc>Waits until the element ``locator`` is visible.</doc>
<status status="PASS" starttime="20250928 19:07:12.518" endtime="20250928 19:07:12.536"/>
</kw>
<kw name="clicar no elemento" library="base">
<arg>${FORMS_BTN_PRATICE_FORM}</arg>
<kw name="Wait Until Element Is Visible" library="SeleniumLibrary">
<arg>${elemento}</arg>
<arg>timeout=10</arg>
<doc>Waits until the element ``locator`` is visible.</doc>
<status status="PASS" starttime="20250928 19:07:12.536" endtime="20250928 19:07:12.546"/>
</kw>
<kw name="Click Element" library="SeleniumLibrary">
<arg>${elemento}</arg>
<doc>Click the element identified by ``locator``.</doc>
<msg timestamp="20250928 19:07:12.546" level="INFO">Clicking element 'xpath=//span[text()='Practice Form']'.</msg>
<status status="PASS" starttime="20250928 19:07:12.546" endtime="20250928 19:07:12.616"/>
</kw>
<status status="PASS" starttime="20250928 19:07:12.536" endtime="20250928 19:07:12.617"/>
</kw>
<status status="PASS" starttime="20250928 19:07:12.466" endtime="20250928 19:07:12.617"/>
</kw>
<kw name="Quando Preencho Formulário Com Dados Aleatórios" library="pratice_form">
<kw name="Execute Javascript" library="SeleniumLibrary">
<arg>document.documentElement.style.zoom='70%';</arg>
<doc>Executes the given JavaScript code with possible arguments.</doc>
<msg timestamp="20250928 19:07:12.618" level="INFO">Executing JavaScript:
document.documentElement.style.zoom='70%';
Without any arguments.</msg>
<status status="PASS" starttime="20250928 19:07:12.617" endtime="20250928 19:07:12.621"/>
</kw>
<kw name="First Name" library="FakerLibrary">
<var>${first}</var>
<msg timestamp="20250928 19:07:12.622" level="INFO">${first} = Travis</msg>
<status status="PASS" starttime="20250928 19:07:12.622" endtime="20250928 19:07:12.622"/>
</kw>
<kw name="Last Name" library="FakerLibrary">
<var>${last}</var>
<msg timestamp="20250928 19:07:12.622" level="INFO">${last} = Lopez</msg>
<status status="PASS" starttime="20250928 19:07:12.622" endtime="20250928 19:07:12.622"/>
</kw>
<kw name="Email" library="FakerLibrary">
<var>${email}</var>
<msg timestamp="20250928 19:07:12.623" level="INFO">${email} = thomasolson@example.net</msg>
<status status="PASS" starttime="20250928 19:07:12.622" endtime="20250928 19:07:12.623"/>
</kw>
<kw name="Generate Random String" library="String">
<var>${phone}</var>
<arg>10</arg>
<arg>chars=0123456789</arg>
<doc>Generates a string with a desired ``length`` from the given ``chars``.</doc>
<msg timestamp="20250928 19:07:12.623" level="INFO">${phone} = 5360245564</msg>
<status status="PASS" starttime="20250928 19:07:12.623" endtime="20250928 19:07:12.623"/>
</kw>
<kw name="Address" library="FakerLibrary">
<var>${address}</var>
<doc>:example: '791 Crist Parks, Sashabury, IL 86039-9874'</doc>
<msg timestamp="20250928 19:07:12.623" level="INFO">${address} = 6807 Jennifer Highway Apt. 213
Williambury, VT 08391</msg>
<status status="PASS" starttime="20250928 19:07:12.623" endtime="20250928 19:07:12.623"/>
</kw>
<kw name="Input Text" library="SeleniumLibrary">
<arg>${FORMS_INPUT_FIRST_NAME}</arg>
<arg>${first}</arg>
<doc>Types the given ``text`` into the text field identified by ``locator``.</doc>
<msg timestamp="20250928 19:07:12.623" level="INFO">Typing text 'Travis' into text field 'id=firstName'.</msg>
<status status="PASS" starttime="20250928 19:07:12.623" endtime="20250928 19:07:12.696"/>
</kw>
<kw name="Input Text" library="SeleniumLibrary">
<arg>${FORMS_INPUT_LAST_NAME}</arg>
<arg>${last}</arg>
<doc>Types the given ``text`` into the text field identified by ``locator``.</doc>
<msg timestamp="20250928 19:07:12.697" level="INFO">Typing text 'Lopez' into text field 'id=lastName'.</msg>
<status status="PASS" starttime="20250928 19:07:12.696" endtime="20250928 19:07:12.752"/>
</kw>
<kw name="Input Text" library="SeleniumLibrary">
<arg>${FORMS_INPUT_EMAIL}</arg>
<arg>${email}</arg>
<doc>Types the given ``text`` into the text field identified by ``locator``.</doc>
<msg timestamp="20250928 19:07:12.753" level="INFO">Typing text 'thomasolson@example.net' into text field 'id=userEmail'.</msg>
<status status="PASS" starttime="20250928 19:07:12.753" endtime="20250928 19:07:12.845"/>
</kw>
<kw name="clicar no elemento" library="base">
<arg>${FORMS_BTN_GENERO_MASC}</arg>
<kw name="Wait Until Element Is Visible" library="SeleniumLibrary">
<arg>${elemento}</arg>
<arg>timeout=10</arg>
<doc>Waits until the element ``locator`` is visible.</doc>
<status status="PASS" starttime="20250928 19:07:12.845" endtime="20250928 19:07:12.859"/>
</kw>
<kw name="Click Element" library="SeleniumLibrary">
<arg>${elemento}</arg>
<doc>Click the element identified by ``locator``.</doc>
<msg timestamp="20250928 19:07:12.860" level="INFO">Clicking element 'xpath=//label[@for='gender-radio-1']'.</msg>
<status status="PASS" starttime="20250928 19:07:12.859" endtime="20250928 19:07:12.917"/>
</kw>
<status status="PASS" starttime="20250928 19:07:12.845" endtime="20250928 19:07:12.917"/>
</kw>
<kw name="Input Text" library="SeleniumLibrary">
<arg>${FORMS_INPUT_TELEFONE}</arg>
<arg>${phone}</arg>
<doc>Types the given ``text`` into the text field identified by ``locator``.</doc>
<msg timestamp="20250928 19:07:12.918" level="INFO">Typing text '5360245564' into text field 'id=userNumber'.</msg>
<status status="PASS" starttime="20250928 19:07:12.917" endtime="20250928 19:07:12.975"/>
</kw>
<kw name="clicar no elemento" library="base">
<arg>${FORMS_BTN_ANIVERSARIO}</arg>
<kw name="Wait Until Element Is Visible" library="SeleniumLibrary">
<arg>${elemento}</arg>
<arg>timeout=10</arg>
<doc>Waits until the element ``locator`` is visible.</doc>
<status status="PASS" starttime="20250928 19:07:12.976" endtime="20250928 19:07:12.989"/>
</kw>
<kw name="Click Element" library="SeleniumLibrary">
<arg>${elemento}</arg>
<doc>Click the element identified by ``locator``.</doc>
<msg timestamp="20250928 19:07:12.990" level="INFO">Clicking element 'xpath=//*[@id='dateOfBirthInput']'.</msg>
<status status="PASS" starttime="20250928 19:07:12.990" endtime="20250928 19:07:13.096"/>
</kw>
<status status="PASS" starttime="20250928 19:07:12.975" endtime="20250928 19:07:13.097"/>
</kw>
<kw name="Select From List By Index" library="SeleniumLibrary">
<arg>${FORMS_INPUT_MES_ANIVERSARIO}</arg>
<arg>5</arg>
<doc>Selects options from selection list ``locator`` by ``indexes``.</doc>
<msg timestamp="20250928 19:07:13.097" level="INFO">Selecting options from selection list 'class=react-datepicker__month-select' by index 5.</msg>
<status status="PASS" starttime="20250928 19:07:13.097" endtime="20250928 19:07:13.280"/>
</kw>
<kw name="Select From List By Value" library="SeleniumLibrary">
<arg>${FORMS_INPUT_ANO_ANIVERSARIO}</arg>
<arg>1995</arg>
<doc>Selects options from selection list ``locator`` by ``values``.</doc>
<msg timestamp="20250928 19:07:13.281" level="INFO">Selecting options from selection list 'class=react-datepicker__year-select' by value 1995.</msg>
<status status="PASS" starttime="20250928 19:07:13.280" endtime="20250928 19:07:13.408"/>
</kw>
<kw name="clicar no elemento" library="base">
<arg>${FORMS_BTN_FECHAR_DATA}</arg>
<kw name="Wait Until Element Is Visible" library="SeleniumLibrary">
<arg>${elemento}</arg>
<arg>timeout=10</arg>
<doc>Waits until the element ``locator`` is visible.</doc>
<status status="PASS" starttime="20250928 19:07:13.408" endtime="20250928 19:07:13.425"/>
</kw>
<kw name="Click Element" library="SeleniumLibrary">
<arg>${elemento}</arg>
<doc>Click the element identified by ``locator``.</doc>
<msg timestamp="20250928 19:07:13.425" level="INFO">Clicking element 'xpath=//div[contains(@class,'react-datepicker__day--015') and not(contains(@class,'outside-month'))]'.</msg>
<status status="PASS" starttime="20250928 19:07:13.425" endtime="20250928 19:07:13.473"/>
</kw>
<status status="PASS" starttime="20250928 19:07:13.408" endtime="20250928 19:07:13.473"/>
</kw>
<kw name="Input Text" library="SeleniumLibrary">
<arg>${FORMS_INPUT_SUBJECTS}</arg>
<arg>Maths</arg>
<doc>Types the given ``text`` into the text field identified by ``locator``.</doc>
<msg timestamp="20250928 19:07:13.474" level="INFO">Typing text 'Maths' into text field 'id=subjectsInput'.</msg>
<status status="PASS" starttime="20250928 19:07:13.473" endtime="20250928 19:07:13.532"/>
</kw>
<kw name="Press Keys" library="SeleniumLibrary">
<arg>${FORMS_INPUT_SUBJECTS}</arg>
<arg>ENTER</arg>
<doc>Simulates the user pressing key(s) to an element or on the active browser.</doc>
<msg timestamp="20250928 19:07:13.533" level="INFO">Sending key(s) ('ENTER',) to id=subjectsInput element.</msg>
<msg timestamp="20250928 19:07:13.822" level="INFO">Pressing special key ENTER to element.</msg>
<msg timestamp="20250928 19:07:13.822" level="INFO">Releasing special key ENTER.</msg>
<status status="PASS" starttime="20250928 19:07:13.532" endtime="20250928 19:07:13.832"/>
</kw>
<kw name="clicar no elemento" library="base">
<arg>${FORMS_SELECT_READING}</arg>
<kw name="Wait Until Element Is Visible" library="SeleniumLibrary">
<arg>${elemento}</arg>
<arg>timeout=10</arg>
<doc>Waits until the element ``locator`` is visible.</doc>
<status status="PASS" starttime="20250928 19:07:13.833" endtime="20250928 19:07:13.846"/>
</kw>
<kw name="Click Element" library="SeleniumLibrary">
<arg>${elemento}</arg>
<doc>Click the element identified by ``locator``.</doc>
<msg timestamp="20250928 19:07:13.846" level="INFO">Clicking element 'xpath=//label[text()='Reading']'.</msg>
<status status="PASS" starttime="20250928 19:07:13.846" endtime="20250928 19:07:13.884"/>
</kw>
<status status="PASS" starttime="20250928 19:07:13.832" endtime="20250928 19:07:13.884"/>
</kw>
<kw name="Input Text" library="SeleniumLibrary">
<arg>${FORMS_INPUT_ENDERECO}</arg>
<arg>${address}</arg>
<doc>Types the given ``text`` into the text field identified by ``locator``.</doc>
<msg timestamp="20250928 19:07:13.885" level="INFO">Typing text '6807 Jennifer Highway Apt. 213
Williambury, VT 08391' into text field 'id=currentAddress'.</msg>
<status status="PASS" starttime="20250928 19:07:13.885" endtime="20250928 19:07:13.971"/>
</kw>
<kw name="Set Focus To Element" library="SeleniumLibrary">
<arg>${FORMS_BTN_SUBMIT}</arg>
<doc>Sets the focus to the element identified by ``locator``.</doc>
<status status="PASS" starttime="20250928 19:07:13.971" endtime="20250928 19:07:14.011"/>
</kw>
<kw name="clicar no elemento" library="base">
<arg>${FORMS_SELECT_STATE}</arg>
<kw name="Wait Until Element Is Visible" library="SeleniumLibrary">
<arg>${elemento}</arg>
<arg>timeout=10</arg>
<doc>Waits until the element ``locator`` is visible.</doc>
<status status="PASS" starttime="20250928 19:07:14.012" endtime="20250928 19:07:14.024"/>
</kw>
<kw name="Click Element" library="SeleniumLibrary">
<arg>${elemento}</arg>
<doc>Click the element identified by ``locator``.</doc>
<msg timestamp="20250928 19:07:14.025" level="INFO">Clicking element 'xpath=//*[@id='state']'.</msg>
<status status="PASS" starttime="20250928 19:07:14.024" endtime="20250928 19:07:14.064"/>
</kw>
<status status="PASS" starttime="20250928 19:07:14.012" endtime="20250928 19:07:14.064"/>
</kw>
<kw name="clicar no elemento" library="base">
<arg>${FORMS_STATE_NCR}</arg>
<kw name="Wait Until Element Is Visible" library="SeleniumLibrary">
<arg>${elemento}</arg>
<arg>timeout=10</arg>
<doc>Waits until the element ``locator`` is visible.</doc>
<status status="PASS" starttime="20250928 19:07:14.065" endtime="20250928 19:07:14.080"/>
</kw>
<kw name="Click Element" library="SeleniumLibrary">
<arg>${elemento}</arg>
<doc>Click the element identified by ``locator``.</doc>
<msg timestamp="20250928 19:07:14.081" level="INFO">Clicking element 'xpath=//div[text()='NCR']'.</msg>
<status status="PASS" starttime="20250928 19:07:14.081" endtime="20250928 19:07:14.119"/>
</kw>
<status status="PASS" starttime="20250928 19:07:14.064" endtime="20250928 19:07:14.119"/>
</kw>
<kw name="clicar no elemento" library="base">
<arg>${FORMS_BTN_CITY}</arg>
<kw name="Wait Until Element Is Visible" library="SeleniumLibrary">
<arg>${elemento}</arg>
<arg>timeout=10</arg>
<doc>Waits until the element ``locator`` is visible.</doc>
<status status="PASS" starttime="20250928 19:07:14.119" endtime="20250928 19:07:14.134"/>
</kw>
<kw name="Click Element" library="SeleniumLibrary">
<arg>${elemento}</arg>
<doc>Click the element identified by ``locator``.</doc>
<msg timestamp="20250928 19:07:14.134" level="INFO">Clicking element 'id=city'.</msg>
<status status="PASS" starttime="20250928 19:07:14.134" endtime="20250928 19:07:14.178"/>
</kw>
<status status="PASS" starttime="20250928 19:07:14.119" endtime="20250928 19:07:14.178"/>
</kw>
<kw name="clicar no elemento" library="base">
<arg>${FORMS_SELECT_CITY_DELHI}</arg>
<kw name="Wait Until Element Is Visible" library="SeleniumLibrary">
<arg>${elemento}</arg>
<arg>timeout=10</arg>
<doc>Waits until the element ``locator`` is visible.</doc>
<status status="PASS" starttime="20250928 19:07:14.178" endtime="20250928 19:07:14.191"/>
</kw>
<kw name="Click Element" library="SeleniumLibrary">
<arg>${elemento}</arg>
<doc>Click the element identified by ``locator``.</doc>
<msg timestamp="20250928 19:07:14.192" level="INFO">Clicking element 'xpath=//div[text()='Delhi']'.</msg>
<status status="PASS" starttime="20250928 19:07:14.191" endtime="20250928 19:07:14.233"/>
</kw>
<status status="PASS" starttime="20250928 19:07:14.178" endtime="20250928 19:07:14.233"/>
</kw>
<status status="PASS" starttime="20250928 19:07:12.617" endtime="20250928 19:07:14.233"/>
</kw>
<kw name="E Faço Upload Do Arquivo" library="pratice_form">
<arg>${FILE_PATH}</arg>
<kw name="Choose File" library="SeleniumLibrary">
<arg>${FOMRS_BTN_UPLOAD}</arg>
<arg>${file_path}</arg>
<doc>Inputs the ``file_path`` into the file input field ``locator``.</doc>
<msg timestamp="20250928 19:07:14.234" level="INFO">Sending C:\Users\Bruno\Desktop\accenture_teste\web\resources\testfile.txt to browser.</msg>
<status status="PASS" starttime="20250928 19:07:14.234" endtime="20250928 19:07:14.259"/>
</kw>
<status status="PASS" starttime="20250928 19:07:14.233" endtime="20250928 19:07:14.259"/>
</kw>
<kw name="E Submeto Formulário" library="pratice_form">
<kw name="Set Focus To Element" library="SeleniumLibrary">
<arg>${FORMS_BTN_SUBMIT}</arg>
<doc>Sets the focus to the element identified by ``locator``.</doc>
<status status="PASS" starttime="20250928 19:07:14.259" endtime="20250928 19:07:14.268"/>
</kw>
<kw name="clicar no elemento" library="base">
<arg>${FORMS_BTN_SUBMIT}</arg>
<kw name="Wait Until Element Is Visible" library="SeleniumLibrary">
<arg>${elemento}</arg>
<arg>timeout=10</arg>
<doc>Waits until the element ``locator`` is visible.</doc>
<status status="PASS" starttime="20250928 19:07:14.269" endtime="20250928 19:07:14.279"/>
</kw>
<kw name="Click Element" library="SeleniumLibrary">
<arg>${elemento}</arg>
<doc>Click the element identified by ``locator``.</doc>
<msg timestamp="20250928 19:07:14.280" level="INFO">Clicking element 'id=submit'.</msg>
<status status="PASS" starttime="20250928 19:07:14.280" endtime="20250928 19:07:14.336"/>
</kw>
<status status="PASS" starttime="20250928 19:07:14.268" endtime="20250928 19:07:14.336"/>
</kw>
<status status="PASS" starttime="20250928 19:07:14.259" endtime="20250928 19:07:14.336"/>
</kw>
<kw name="E Verifico Popup De Confirmação" library="pratice_form">
<kw name="Wait Until Page Contains Element" library="SeleniumLibrary">
<arg>${FORMS_TITLE_MODAL}</arg>
<doc>Waits until the element ``locator`` appears on the current page.</doc>
<status status="PASS" starttime="20250928 19:07:14.336" endtime="20250928 19:07:14.346"/>
</kw>
<kw name="Element Should Be Visible" library="SeleniumLibrary">
<arg>${FORMS_TITLE_MODAL}</arg>
<doc>Verifies that the element identified by ``locator`` is visible.</doc>
<msg timestamp="20250928 19:07:14.358" level="INFO">Element 'id=example-modal-sizes-title-lg' is displayed.</msg>
<status status="PASS" starttime="20250928 19:07:14.346" endtime="20250928 19:07:14.358"/>
</kw>
<kw name="Log" library="BuiltIn">
<arg>Popup foi exibido com sucesso</arg>
<doc>Logs the given message with the given level.</doc>
<msg timestamp="20250928 19:07:14.359" level="INFO">Popup foi exibido com sucesso</msg>
<status status="PASS" starttime="20250928 19:07:14.359" endtime="20250928 19:07:14.359"/>
</kw>
<status status="PASS" starttime="20250928 19:07:14.336" endtime="20250928 19:07:14.359"/>
</kw>
<kw name="Então Fecho Popup" library="pratice_form">
<kw name="clicar no elemento" library="base">
<arg>${FORMS_BTN_FECHAR_MODAL}</arg>
<kw name="Wait Until Element Is Visible" library="SeleniumLibrary">
<arg>${elemento}</arg>
<arg>timeout=10</arg>
<doc>Waits until the element ``locator`` is visible.</doc>
<status status="PASS" starttime="20250928 19:07:14.359" endtime="20250928 19:07:14.375"/>
</kw>
<kw name="Click Element" library="SeleniumLibrary">
<arg>${elemento}</arg>
<doc>Click the element identified by ``locator``.</doc>
<msg timestamp="20250928 19:07:14.376" level="INFO">Clicking element 'id=closeLargeModal'.</msg>
<status status="PASS" starttime="20250928 19:07:14.375" endtime="20250928 19:07:14.425"/>
</kw>
<status status="PASS" starttime="20250928 19:07:14.359" endtime="20250928 19:07:14.425"/>
</kw>
<status status="PASS" starttime="20250928 19:07:14.359" endtime="20250928 19:07:14.425"/>
</kw>
<status status="PASS" starttime="20250928 19:07:12.466" endtime="20250928 19:07:14.425"/>
</test>
<kw name="Close Browser" library="SeleniumLibrary" type="TEARDOWN">
<doc>Closes the current browser.</doc>
<status status="PASS" starttime="20250928 19:07:14.426" endtime="20250928 19:07:16.551"/>
</kw>
<status status="PASS" starttime="20250928 19:07:07.515" endtime="20250928 19:07:16.551"/>
</suite>
<suite id="s1-s5" name="Widgets" source="C:\Users\Bruno\Desktop\accenture_teste\web\features\widgets.robot">
<kw name="abrir navegador" library="pratice_form" type="SETUP">
<kw name="Normalize Path" library="OperatingSystem">
<var>${FILE_PATH}</var>
<arg>C:\\Users\\Bruno\\Desktop\\accenture_teste\\web\\steps/${RELATIVE_PATH}</arg>
<doc>Normalizes the given path.</doc>
<msg timestamp="20250928 19:07:16.564" level="INFO">${FILE_PATH} = C:\Users\Bruno\Desktop\accenture_teste\web\resources\testfile.txt</msg>
<status status="PASS" starttime="20250928 19:07:16.563" endtime="20250928 19:07:16.564"/>
</kw>
<kw name="Set Suite Variable" library="BuiltIn">
<arg>${FILE_PATH}</arg>
<doc>Makes a variable available everywhere within the scope of the current suite.</doc>
<msg timestamp="20250928 19:07:16.564" level="INFO">${FILE_PATH} = C:\Users\Bruno\Desktop\accenture_teste\web\resources\testfile.txt</msg>
<status status="PASS" starttime="20250928 19:07:16.564" endtime="20250928 19:07:16.564"/>
</kw>
<kw name="Open Browser" library="SeleniumLibrary">
<arg>${URL}</arg>
<arg>chrome</arg>
<doc>Opens a new browser instance to the optional ``url``.</doc>
<msg timestamp="20250928 19:07:16.564" level="INFO">Opening browser 'chrome' to base url 'https://demoqa.com'.</msg>
<status status="PASS" starttime="20250928 19:07:16.564" endtime="20250928 19:07:21.571"/>
</kw>
<kw name="Maximize Browser Window" library="SeleniumLibrary">
<doc>Maximizes current browser window.</doc>
<status status="PASS" starttime="20250928 19:07:21.571" endtime="20250928 19:07:21.599"/>
</kw>
<status status="PASS" starttime="20250928 19:07:16.563" endtime="20250928 19:07:21.599"/>
</kw>
<test id="s1-s5-t1" name="Validar Progress Bar Controlado" line="9">
<kw name="Dado Acesso Página Progress Bar" library="widgets">
<kw name="Execute Javascript" library="SeleniumLibrary">
<arg>document.getElementById('fixedban').style.display='none';</arg>
<doc>Executes the given JavaScript code with possible arguments.</doc>
<msg timestamp="20250928 19:07:21.600" level="INFO">Executing JavaScript:
document.getElementById('fixedban').style.display='none';
Without any arguments.</msg>
<status status="PASS" starttime="20250928 19:07:21.600" endtime="20250928 19:07:21.604"/>
</kw>
<kw name="clicar no elemento" library="base">
<arg>${WIDGETS_BTN_WIDGETS}</arg>
<kw name="Wait Until Element Is Visible" library="SeleniumLibrary">
<arg>${elemento}</arg>
<arg>timeout=10</arg>
<doc>Waits until the element ``locator`` is visible.</doc>
<status status="PASS" starttime="20250928 19:07:21.604" endtime="20250928 19:07:21.621"/>
</kw>
<kw name="Click Element" library="SeleniumLibrary">
<arg>${elemento}</arg>
<doc>Click the element identified by ``locator``.</doc>
<msg timestamp="20250928 19:07:21.622" level="INFO">Clicking element 'xpath=//h5[text()='Widgets']'.</msg>
<status status="PASS" starttime="20250928 19:07:21.622" endtime="20250928 19:07:21.702"/>
</kw>
<status status="PASS" starttime="20250928 19:07:21.604" endtime="20250928 19:07:21.702"/>
</kw>
<kw name="clicar no elemento" library="base">
<arg>${WIDGETS_TXT_PROGRESS_BAR}</arg>
<kw name="Wait Until Element Is Visible" library="SeleniumLibrary">
<arg>${elemento}</arg>
<arg>timeout=10</arg>
<doc>Waits until the element ``locator`` is visible.</doc>
<status status="PASS" starttime="20250928 19:07:21.702" endtime="20250928 19:07:21.715"/>
</kw>
<kw name="Click Element" library="SeleniumLibrary">
<arg>${elemento}</arg>
<doc>Click the element identified by ``locator``.</doc>
<msg timestamp="20250928 19:07:21.715" level="INFO">Clicking element 'xpath=//span[text()='Progress Bar']'.</msg>
<status status="PASS" starttime="20250928 19:07:21.715" endtime="20250928 19:07:21.760"/>
</kw>
<status status="PASS" starttime="20250928 19:07:21.702" endtime="20250928 19:07:21.760"/>
</kw>
<kw name="Wait Until Element Is Visible" library="SeleniumLibrary">
<arg>${WIDGETS_BTN_START_STOP}</arg>
<doc>Waits until the element ``locator`` is visible.</doc>
<status status="PASS" starttime="20250928 19:07:21.760" endtime="20250928 19:07:21.773"/>
</kw>
<status status="PASS" starttime="20250928 19:07:21.599" endtime="20250928 19:07:21.773"/>
</kw>
<kw name="Quando Clico no Botão Start" library="widgets">
<kw name="clicar no elemento" library="base">
<arg>${WIDGETS_BTN_START_STOP}</arg>
<kw name="Wait Until Element Is Visible" library="SeleniumLibrary">
<arg>${elemento}</arg>
<arg>timeout=10</arg>
<doc>Waits until the element ``locator`` is visible.</doc>
<status status="PASS" starttime="20250928 19:07:21.774" endtime="20250928 19:07:21.783"/>
</kw>
<kw name="Click Element" library="SeleniumLibrary">
<arg>${elemento}</arg>
<doc>Click the element identified by ``locator``.</doc>
<msg timestamp="20250928 19:07:21.784" level="INFO">Clicking element 'id=startStopButton'.</msg>
<status status="PASS" starttime="20250928 19:07:21.783" endtime="20250928 19:07:21.818"/>
</kw>
<status status="PASS" starttime="20250928 19:07:21.774" endtime="20250928 19:07:21.818"/>
</kw>
<status status="PASS" starttime="20250928 19:07:21.774" endtime="20250928 19:07:21.818"/>
</kw>
<kw name="E Paro Quando Atingir Limite" library="widgets">
<arg>20</arg>
<for flavor="IN RANGE">
<var>${i}</var>
<value>1</value>
<value>300</value>
<iter>
<var name="${i}">1</var>
<kw name="Wait Until Element Is Visible" library="SeleniumLibrary">
<arg>${WIDGETS_TXT_PORCENTAGEM}</arg>
<doc>Waits until the element ``locator`` is visible.</doc>
<status status="PASS" starttime="20250928 19:07:21.820" endtime="20250928 19:07:22.044"/>
</kw>
<kw name="Get Text" library="SeleniumLibrary">
<var>${text}</var>
<arg>${WIDGETS_TXT_PORCENTAGEM}</arg>
<doc>Returns the text value of the element identified by ``locator``.</doc>
<msg timestamp="20250928 19:07:22.055" level="INFO">${text} = 2%</msg>
<status status="PASS" starttime="20250928 19:07:22.044" endtime="20250928 19:07:22.055"/>
</kw>
<kw name="Evaluate" library="BuiltIn">
<var>${num}</var>
<arg>int("${text}".replace('%',''))</arg>
<doc>Evaluates the given expression in Python and returns the result.</doc>
<msg timestamp="20250928 19:07:22.056" level="INFO">${num} = 2</msg>
<status status="PASS" starttime="20250928 19:07:22.055" endtime="20250928 19:07:22.056"/>
</kw>
<if>
<branch type="IF" condition="${num} == ${limite_percentage}">
<kw name="clicar no elemento" library="base">
<arg>${WIDGETS_BTN_START_STOP}</arg>
<status status="NOT RUN" starttime="20250928 19:07:22.056" endtime="20250928 19:07:22.056"/>
</kw>
<kw name="Exit For Loop" library="BuiltIn">
<doc>Stops executing the enclosing FOR loop.</doc>
<status status="NOT RUN" starttime="20250928 19:07:22.056" endtime="20250928 19:07:22.056"/>
</kw>
<status status="NOT RUN" starttime="20250928 19:07:22.056" endtime="20250928 19:07:22.056"/>
</branch>
<branch type="ELSE IF" condition="${num} &gt;= ${limite_percentage}">
<kw name="Exit For Loop" library="BuiltIn">
<doc>Stops executing the enclosing FOR loop.</doc>
<status status="NOT RUN" starttime="20250928 19:07:22.056" endtime="20250928 19:07:22.056"/>
</kw>
<status status="NOT RUN" starttime="20250928 19:07:22.056" endtime="20250928 19:07:22.056"/>
</branch>
<status status="PASS" starttime="20250928 19:07:22.056" endtime="20250928 19:07:22.056"/>
</if>
<status status="PASS" starttime="20250928 19:07:21.820" endtime="20250928 19:07:22.056"/>
</iter>
<iter>
<var name="${i}">2</var>
<kw name="Wait Until Element Is Visible" library="SeleniumLibrary">
<arg>${WIDGETS_TXT_PORCENTAGEM}</arg>
<doc>Waits until the element ``locator`` is visible.</doc>
<status status="PASS" starttime="20250928 19:07:22.056" endtime="20250928 19:07:22.065"/>
</kw>
<kw name="Get Text" library="SeleniumLibrary">
<var>${text}</var>
<arg>${WIDGETS_TXT_PORCENTAGEM}</arg>
<doc>Returns the text value of the element identified by ``locator``.</doc>
<msg timestamp="20250928 19:07:22.074" level="INFO">${text} = 2%</msg>
<status status="PASS" starttime="20250928 19:07:22.065" endtime="20250928 19:07:22.074"/>
</kw>
<kw name="Evaluate" library="BuiltIn">
<var>${num}</var>
<arg>int("${text}".replace('%',''))</arg>
<doc>Evaluates the given expression in Python and returns the result.</doc>
<msg timestamp="20250928 19:07:22.074" level="INFO">${num} = 2</msg>
<status status="PASS" starttime="20250928 19:07:22.074" endtime="20250928 19:07:22.074"/>
</kw>
<if>
<branch type="IF" condition="${num} == ${limite_percentage}">
<kw name="clicar no elemento" library="base">
<arg>${WIDGETS_BTN_START_STOP}</arg>
<status status="NOT RUN" starttime="20250928 19:07:22.074" endtime="20250928 19:07:22.075"/>
</kw>
<kw name="Exit For Loop" library="BuiltIn">
<doc>Stops executing the enclosing FOR loop.</doc>
<status status="NOT RUN" starttime="20250928 19:07:22.075" endtime="20250928 19:07:22.075"/>
</kw>
<status status="NOT RUN" starttime="20250928 19:07:22.074" endtime="20250928 19:07:22.075"/>
</branch>
<branch type="ELSE IF" condition="${num} &gt;= ${limite_percentage}">
<kw name="Exit For Loop" library="BuiltIn">
<doc>Stops executing the enclosing FOR loop.</doc>
<status status="NOT RUN" starttime="20250928 19:07:22.075" endtime="20250928 19:07:22.075"/>
</kw>
<status status="NOT RUN" starttime="20250928 19:07:22.075" endtime="20250928 19:07:22.075"/>
</branch>
<status status="PASS" starttime="20250928 19:07:22.074" endtime="20250928 19:07:22.075"/>
</if>
<status status="PASS" starttime="20250928 19:07:22.056" endtime="20250928 19:07:22.075"/>
</iter>
<iter>
<var name="${i}">3</var>
<kw name="Wait Until Element Is Visible" library="SeleniumLibrary">
<arg>${WIDGETS_TXT_PORCENTAGEM}</arg>
<doc>Waits until the element ``locator`` is visible.</doc>
<status status="PASS" starttime="20250928 19:07:22.075" endtime="20250928 19:07:22.085"/>
</kw>
<kw name="Get Text" library="SeleniumLibrary">
<var>${text}</var>
<arg>${WIDGETS_TXT_PORCENTAGEM}</arg>
<doc>Returns the text value of the element identified by ``locator``.</doc>
<msg timestamp="20250928 19:07:22.093" level="INFO">${text} = 2%</msg>
<status status="PASS" starttime="20250928 19:07:22.085" endtime="20250928 19:07:22.093"/>
</kw>
<kw name="Evaluate" library="BuiltIn">
<var>${num}</var>
<arg>int("${text}".replace('%',''))</arg>
<doc>Evaluates the given expression in Python and returns the result.</doc>
<msg timestamp="20250928 19:07:22.094" level="INFO">${num} = 2</msg>
<status status="PASS" starttime="20250928 19:07:22.093" endtime="20250928 19:07:22.094"/>
</kw>
<if>
<branch type="IF" condition="${num} == ${limite_percentage}">
<kw name="clicar no elemento" library="base">
<arg>${WIDGETS_BTN_START_STOP}</arg>
<status status="NOT RUN" starttime="20250928 19:07:22.094" endtime="20250928 19:07:22.094"/>
</kw>
<kw name="Exit For Loop" library="BuiltIn">
<doc>Stops executing the enclosing FOR loop.</doc>
<status status="NOT RUN" starttime="20250928 19:07:22.094" endtime="20250928 19:07:22.094"/>
</kw>
<status status="NOT RUN" starttime="20250928 19:07:22.094" endtime="20250928 19:07:22.094"/>
</branch>
<branch type="ELSE IF" condition="${num} &gt;= ${limite_percentage}">
<kw name="Exit For Loop" library="BuiltIn">
<doc>Stops executing the enclosing FOR loop.</doc>
<status status="NOT RUN" starttime="20250928 19:07:22.094" endtime="20250928 19:07:22.094"/>
</kw>
<status status="NOT RUN" starttime="20250928 19:07:22.094" endtime="20250928 19:07:22.094"/>
</branch>
<status status="PASS" starttime="20250928 19:07:22.094" endtime="20250928 19:07:22.094"/>
</if>
<status status="PASS" starttime="20250928 19:07:22.075" endtime="20250928 19:07:22.094"/>
</iter>
<iter>
<var name="${i}">4</var>
<kw name="Wait Until Element Is Visible" library="SeleniumLibrary">
<arg>${WIDGETS_TXT_PORCENTAGEM}</arg>
<doc>Waits until the element ``locator`` is visible.</doc>
<status status="PASS" starttime="20250928 19:07:22.094" endtime="20250928 19:07:22.104"/>
</kw>
<kw name="Get Text" library="SeleniumLibrary">
<var>${text}</var>
<arg>${WIDGETS_TXT_PORCENTAGEM}</arg>
<doc>Returns the text value of the element identified by ``locator``.</doc>
<msg timestamp="20250928 19:07:22.114" level="INFO">${text} = 2%</msg>
<status status="PASS" starttime="20250928 19:07:22.104" endtime="20250928 19:07:22.114"/>
</kw>
<kw name="Evaluate" library="BuiltIn">
<var>${num}</var>
<arg>int("${text}".replace('%',''))</arg>
<doc>Evaluates the given expression in Python and returns the result.</doc>
<msg timestamp="20250928 19:07:22.114" level="INFO">${num} = 2</msg>
<status status="PASS" starttime="20250928 19:07:22.114" endtime="20250928 19:07:22.114"/>
</kw>
<if>
<branch type="IF" condition="${num} == ${limite_percentage}">
<kw name="clicar no elemento" library="base">
<arg>${WIDGETS_BTN_START_STOP}</arg>
<status status="NOT RUN" starttime="20250928 19:07:22.114" endtime="20250928 19:07:22.114"/>
</kw>
<kw name="Exit For Loop" library="BuiltIn">
<doc>Stops executing the enclosing FOR loop.</doc>
<status status="NOT RUN" starttime="20250928 19:07:22.114" endtime="20250928 19:07:22.114"/>
</kw>
<status status="NOT RUN" starttime="20250928 19:07:22.114" endtime="20250928 19:07:22.114"/>
</branch>
<branch type="ELSE IF" condition="${num} &gt;= ${limite_percentage}">
<kw name="Exit For Loop" library="BuiltIn">
<doc>Stops executing the enclosing FOR loop.</doc>
<status status="NOT RUN" starttime="20250928 19:07:22.115" endtime="20250928 19:07:22.115"/>
</kw>
<status status="NOT RUN" starttime="20250928 19:07:22.114" endtime="20250928 19:07:22.115"/>
</branch>
<status status="PASS" starttime="20250928 19:07:22.114" endtime="20250928 19:07:22.115"/>
</if>
<status status="PASS" starttime="20250928 19:07:22.094" endtime="20250928 19:07:22.115"/>
</iter>
<iter>
<var name="${i}">5</var>
<kw name="Wait Until Element Is Visible" library="SeleniumLibrary">
<arg>${WIDGETS_TXT_PORCENTAGEM}</arg>
<doc>Waits until the element ``locator`` is visible.</doc>
<status status="PASS" starttime="20250928 19:07:22.115" endtime="20250928 19:07:22.124"/>
</kw>
<kw name="Get Text" library="SeleniumLibrary">
<var>${text}</var>
<arg>${WIDGETS_TXT_PORCENTAGEM}</arg>
<doc>Returns the text value of the element identified by ``locator``.</doc>
<msg timestamp="20250928 19:07:22.134" level="INFO">${text} = 3%</msg>
<status status="PASS" starttime="20250928 19:07:22.125" endtime="20250928 19:07:22.134"/>
</kw>
<kw name="Evaluate" library="BuiltIn">
<var>${num}</var>
<arg>int("${text}".replace('%',''))</arg>
<doc>Evaluates the given expression in Python and returns the result.</doc>
<msg timestamp="20250928 19:07:22.134" level="INFO">${num} = 3</msg>
<status status="PASS" starttime="20250928 19:07:22.134" endtime="20250928 19:07:22.134"/>
</kw>
<if>
<branch type="IF" condition="${num} == ${limite_percentage}">
<kw name="clicar no elemento" library="base">
<arg>${WIDGETS_BTN_START_STOP}</arg>
<status status="NOT RUN" starttime="20250928 19:07:22.134" endtime="20250928 19:07:22.134"/>
</kw>
<kw name="Exit For Loop" library="BuiltIn">
<doc>Stops executing the enclosing FOR loop.</doc>
<status status="NOT RUN" starttime="20250928 19:07:22.134" endtime="20250928 19:07:22.134"/>
</kw>
<status status="NOT RUN" starttime="20250928 19:07:22.134" endtime="20250928 19:07:22.134"/>
</branch>
<branch type="ELSE IF" condition="${num} &gt;= ${limite_percentage}">
<kw name="Exit For Loop" library="BuiltIn">
<doc>Stops executing the enclosing FOR loop.</doc>
<status status="NOT RUN" starttime="20250928 19:07:22.135" endtime="20250928 19:07:22.135"/>
</kw>
<status status="NOT RUN" starttime="20250928 19:07:22.134" endtime="20250928 19:07:22.135"/>
</branch>
<status status="PASS" starttime="20250928 19:07:22.134" endtime="20250928 19:07:22.135"/>
</if>
<status status="PASS" starttime="20250928 19:07:22.115" endtime="20250928 19:07:22.135"/>
</iter>
<iter>
<var name="${i}">6</var>
<kw name="Wait Until Element Is Visible" library="SeleniumLibrary">
<arg>${WIDGETS_TXT_PORCENTAGEM}</arg>
<doc>Waits until the element ``locator`` is visible.</doc>
<status status="PASS" starttime="20250928 19:07:22.135" endtime="20250928 19:07:22.143"/>
</kw>
<kw name="Get Text" library="SeleniumLibrary">
<var>${text}</var>
[...]
</branch>
<status status="PASS" starttime="20250928 19:07:23.832" endtime="20250928 19:07:23.875"/>
</if>
<status status="PASS" starttime="20250928 19:07:23.813" endtime="20250928 19:07:23.876"/>
</iter>
<status status="PASS" starttime="20250928 19:07:21.819" endtime="20250928 19:07:23.876"/>
</for>
<status status="PASS" starttime="20250928 19:07:21.819" endtime="20250928 19:07:23.876"/>
</kw>
<kw name="E Valido Barra Menor Ou Igual" library="widgets">
<arg>25</arg>
<kw name="Get Text" library="SeleniumLibrary">
<var>${text}</var>
<arg>${WIDGETS_TXT_PORCENTAGEM}</arg>
<doc>Returns the text value of the element identified by ``locator``.</doc>
<msg timestamp="20250928 19:07:23.885" level="INFO">${text} = 20%</msg>
<status status="PASS" starttime="20250928 19:07:23.876" endtime="20250928 19:07:23.885"/>
</kw>
<kw name="Evaluate" library="BuiltIn">
<var>${num}</var>
<arg>int("${text}".replace('%',''))</arg>
<doc>Evaluates the given expression in Python and returns the result.</doc>
<msg timestamp="20250928 19:07:23.886" level="INFO">${num} = 20</msg>
<status status="PASS" starttime="20250928 19:07:23.886" endtime="20250928 19:07:23.886"/>
</kw>
<kw name="Should Be True" library="BuiltIn">
<arg>${num} &lt;= ${limiar_percentage}</arg>
<doc>Fails if the given condition is not true.</doc>
<status status="PASS" starttime="20250928 19:07:23.886" endtime="20250928 19:07:23.886"/>
</kw>
<status status="PASS" starttime="20250928 19:07:23.876" endtime="20250928 19:07:23.886"/>
</kw>
<kw name="E clico em Recomeçar" library="widgets">
<kw name="Click Button" library="SeleniumLibrary">
<arg>${WIDGETS_BTN_START_STOP}</arg>
<doc>Clicks the button identified by ``locator``.</doc>
<msg timestamp="20250928 19:07:23.887" level="INFO">Clicking button 'id=startStopButton'.</msg>
<status status="PASS" starttime="20250928 19:07:23.887" endtime="20250928 19:07:23.929"/>
</kw>
<status status="PASS" starttime="20250928 19:07:23.886" endtime="20250928 19:07:23.930"/>
</kw>
<kw name="E Espero Completar" library="widgets">
<kw name="Wait Until Keyword Succeeds" library="BuiltIn">
<arg>20x</arg>
<arg>0.9s</arg>
<arg>Barra Deve Estar Em 100 Porcento</arg>
<doc>Runs the specified keyword and retries if it fails.</doc>
<kw name="Barra Deve Estar Em 100 Porcento" library="widgets">
<kw name="Get Text" library="SeleniumLibrary">
<var>${text}</var>
<arg>${WIDGETS_TXT_PORCENTAGEM}</arg>
<doc>Returns the text value of the element identified by ``locator``.</doc>
<msg timestamp="20250928 19:07:23.941" level="INFO">${text} = 20%</msg>
<status status="PASS" starttime="20250928 19:07:23.931" endtime="20250928 19:07:23.941"/>
</kw>
<kw name="Evaluate" library="BuiltIn">
<var>${num}</var>
<arg>int("${text}".replace('%',''))</arg>
<doc>Evaluates the given expression in Python and returns the result.</doc>
<msg timestamp="20250928 19:07:23.941" level="INFO">${num} = 20</msg>
<status status="PASS" starttime="20250928 19:07:23.941" endtime="20250928 19:07:23.941"/>
</kw>
<kw name="Should Be Equal As Integers" library="BuiltIn">
<arg>${num}</arg>
<arg>100</arg>
<doc>Fails if objects are unequal after converting them to integers.</doc>
<msg timestamp="20250928 19:07:23.941" level="INFO">Argument types are:
&lt;class 'int'&gt;
&lt;class 'str'&gt;</msg>
<msg timestamp="20250928 19:07:23.941" level="FAIL">20 != 100</msg>
<status status="FAIL" starttime="20250928 19:07:23.941" endtime="20250928 19:07:23.941"/>
</kw>
<status status="FAIL" starttime="20250928 19:07:23.931" endtime="20250928 19:07:23.942"/>
</kw>
<kw name="Barra Deve Estar Em 100 Porcento" library="widgets">
<kw name="Get Text" library="SeleniumLibrary">
<var>${text}</var>
<arg>${WIDGETS_TXT_PORCENTAGEM}</arg>
<doc>Returns the text value of the element identified by ``locator``.</doc>
<msg timestamp="20250928 19:07:24.852" level="INFO">${text} = 29%</msg>
<status status="PASS" starttime="20250928 19:07:24.842" endtime="20250928 19:07:24.852"/>
</kw>
<kw name="Evaluate" library="BuiltIn">
<var>${num}</var>
<arg>int("${text}".replace('%',''))</arg>
<doc>Evaluates the given expression in Python and returns the result.</doc>
<msg timestamp="20250928 19:07:24.852" level="INFO">${num} = 29</msg>
<status status="PASS" starttime="20250928 19:07:24.852" endtime="20250928 19:07:24.852"/>
</kw>
<kw name="Should Be Equal As Integers" library="BuiltIn">
<arg>${num}</arg>
<arg>100</arg>
<doc>Fails if objects are unequal after converting them to integers.</doc>
<msg timestamp="20250928 19:07:24.853" level="INFO">Argument types are:
&lt;class 'int'&gt;
&lt;class 'str'&gt;</msg>
<msg timestamp="20250928 19:07:24.853" level="FAIL">29 != 100</msg>
<status status="FAIL" starttime="20250928 19:07:24.853" endtime="20250928 19:07:24.853"/>
</kw>
<status status="FAIL" starttime="20250928 19:07:24.842" endtime="20250928 19:07:24.853"/>
</kw>
<kw name="Barra Deve Estar Em 100 Porcento" library="widgets">
<kw name="Get Text" library="SeleniumLibrary">
<var>${text}</var>
<arg>${WIDGETS_TXT_PORCENTAGEM}</arg>
<doc>Returns the text value of the element identified by ``locator``.</doc>
<msg timestamp="20250928 19:07:25.763" level="INFO">${text} = 38%</msg>
<status status="PASS" starttime="20250928 19:07:25.754" endtime="20250928 19:07:25.763"/>
</kw>
<kw name="Evaluate" library="BuiltIn">
<var>${num}</var>
<arg>int("${text}".replace('%',''))</arg>
<doc>Evaluates the given expression in Python and returns the result.</doc>
<msg timestamp="20250928 19:07:25.763" level="INFO">${num} = 38</msg>
<status status="PASS" starttime="20250928 19:07:25.763" endtime="20250928 19:07:25.763"/>
</kw>
<kw name="Should Be Equal As Integers" library="BuiltIn">
<arg>${num}</arg>
<arg>100</arg>
<doc>Fails if objects are unequal after converting them to integers.</doc>
<msg timestamp="20250928 19:07:25.764" level="INFO">Argument types are:
&lt;class 'int'&gt;
&lt;class 'str'&gt;</msg>
<msg timestamp="20250928 19:07:25.764" level="FAIL">38 != 100</msg>
<status status="FAIL" starttime="20250928 19:07:25.763" endtime="20250928 19:07:25.764"/>
</kw>
<status status="FAIL" starttime="20250928 19:07:25.753" endtime="20250928 19:07:25.764"/>
</kw>
<kw name="Barra Deve Estar Em 100 Porcento" library="widgets">
<kw name="Get Text" library="SeleniumLibrary">
<var>${text}</var>
<arg>${WIDGETS_TXT_PORCENTAGEM}</arg>
<doc>Returns the text value of the element identified by ``locator``.</doc>
<msg timestamp="20250928 19:07:26.675" level="INFO">${text} = 47%</msg>
<status status="PASS" starttime="20250928 19:07:26.665" endtime="20250928 19:07:26.675"/>
</kw>
<kw name="Evaluate" library="BuiltIn">
<var>${num}</var>
<arg>int("${text}".replace('%',''))</arg>
<doc>Evaluates the given expression in Python and returns the result.</doc>
<msg timestamp="20250928 19:07:26.675" level="INFO">${num} = 47</msg>
<status status="PASS" starttime="20250928 19:07:26.675" endtime="20250928 19:07:26.675"/>
</kw>
<kw name="Should Be Equal As Integers" library="BuiltIn">
<arg>${num}</arg>
<arg>100</arg>
<doc>Fails if objects are unequal after converting them to integers.</doc>
<msg timestamp="20250928 19:07:26.675" level="INFO">Argument types are:
&lt;class 'int'&gt;
&lt;class 'str'&gt;</msg>
<msg timestamp="20250928 19:07:26.675" level="FAIL">47 != 100</msg>
<status status="FAIL" starttime="20250928 19:07:26.675" endtime="20250928 19:07:26.675"/>
</kw>
<status status="FAIL" starttime="20250928 19:07:26.665" endtime="20250928 19:07:26.675"/>
</kw>
<kw name="Barra Deve Estar Em 100 Porcento" library="widgets">
<kw name="Get Text" library="SeleniumLibrary">
<var>${text}</var>
<arg>${WIDGETS_TXT_PORCENTAGEM}</arg>
<doc>Returns the text value of the element identified by ``locator``.</doc>
<msg timestamp="20250928 19:07:27.585" level="INFO">${text} = 56%</msg>
<status status="PASS" starttime="20250928 19:07:27.575" endtime="20250928 19:07:27.585"/>
</kw>
<kw name="Evaluate" library="BuiltIn">
<var>${num}</var>
<arg>int("${text}".replace('%',''))</arg>
<doc>Evaluates the given expression in Python and returns the result.</doc>
<msg timestamp="20250928 19:07:27.586" level="INFO">${num} = 56</msg>
<status status="PASS" starttime="20250928 19:07:27.585" endtime="20250928 19:07:27.586"/>
</kw>
<kw name="Should Be Equal As Integers" library="BuiltIn">
<arg>${num}</arg>
<arg>100</arg>
<doc>Fails if objects are unequal after converting them to integers.</doc>
<msg timestamp="20250928 19:07:27.586" level="INFO">Argument types are:
&lt;class 'int'&gt;
&lt;class 'str'&gt;</msg>
<msg timestamp="20250928 19:07:27.586" level="FAIL">56 != 100</msg>
<status status="FAIL" starttime="20250928 19:07:27.586" endtime="20250928 19:07:27.586"/>
</kw>
<status status="FAIL" starttime="20250928 19:07:27.575" endtime="20250928 19:07:27.586"/>
</kw>
<kw name="Barra Deve Estar Em 100 Porcento" library="widgets">
<kw name="Get Text" library="SeleniumLibrary">
<var>${text}</var>
<arg>${WIDGETS_TXT_PORCENTAGEM}</arg>
<doc>Returns the text value of the element identified by ``locator``.</doc>
<msg timestamp="20250928 19:07:28.496" level="INFO">${text} = 65%</msg>
<status status="PASS" starttime="20250928 19:07:28.487" endtime="20250928 19:07:28.496"/>
</kw>
<kw name="Evaluate" library="BuiltIn">
<var>${num}</var>
<arg>int("${text}".replace('%',''))</arg>
<doc>Evaluates the given expression in Python and returns the result.</doc>
<msg timestamp="20250928 19:07:28.497" level="INFO">${num} = 65</msg>
<status status="PASS" starttime="20250928 19:07:28.496" endtime="20250928 19:07:28.497"/>
</kw>
<kw name="Should Be Equal As Integers" library="BuiltIn">
<arg>${num}</arg>
<arg>100</arg>
<doc>Fails if objects are unequal after converting them to integers.</doc>
<msg timestamp="20250928 19:07:28.497" level="INFO">Argument types are:
&lt;class 'int'&gt;
&lt;class 'str'&gt;</msg>
<msg timestamp="20250928 19:07:28.497" level="FAIL">65 != 100</msg>
<status status="FAIL" starttime="20250928 19:07:28.497" endtime="20250928 19:07:28.497"/>
</kw>
<status status="FAIL" starttime="20250928 19:07:28.487" endtime="20250928 19:07:28.497"/>
</kw>
<kw name="Barra Deve Estar Em 100 Porcento" library="widgets">
<kw name="Get Text" library="SeleniumLibrary">
<var>${text}</var>
<arg>${WIDGETS_TXT_PORCENTAGEM}</arg>
<doc>Returns the text value of the element identified by ``locator``.</doc>
<msg timestamp="20250928 19:07:29.407" level="INFO">${text} = 74%</msg>
<status status="PASS" starttime="20250928 19:07:29.398" endtime="20250928 19:07:29.407"/>
</kw>
<kw name="Evaluate" library="BuiltIn">
<var>${num}</var>
<arg>int("${text}".replace('%',''))</arg>
<doc>Evaluates the given expression in Python and returns the result.</doc>
<msg timestamp="20250928 19:07:29.407" level="INFO">${num} = 74</msg>
<status status="PASS" starttime="20250928 19:07:29.407" endtime="20250928 19:07:29.407"/>
</kw>
<kw name="Should Be Equal As Integers" library="BuiltIn">
<arg>${num}</arg>
<arg>100</arg>
<doc>Fails if objects are unequal after converting them to integers.</doc>
<msg timestamp="20250928 19:07:29.408" level="INFO">Argument types are:
&lt;class 'int'&gt;
&lt;class 'str'&gt;</msg>
<msg timestamp="20250928 19:07:29.408" level="FAIL">74 != 100</msg>
<status status="FAIL" starttime="20250928 19:07:29.408" endtime="20250928 19:07:29.408"/>
</kw>
<status status="FAIL" starttime="20250928 19:07:29.397" endtime="20250928 19:07:29.408"/>
</kw>
<kw name="Barra Deve Estar Em 100 Porcento" library="widgets">
<kw name="Get Text" library="SeleniumLibrary">
<var>${text}</var>
<arg>${WIDGETS_TXT_PORCENTAGEM}</arg>
<doc>Returns the text value of the element identified by ``locator``.</doc>
<msg timestamp="20250928 19:07:30.318" level="INFO">${text} = 83%</msg>
<status status="PASS" starttime="20250928 19:07:30.309" endtime="20250928 19:07:30.318"/>
</kw>
<kw name="Evaluate" library="BuiltIn">
<var>${num}</var>
<arg>int("${text}".replace('%',''))</arg>
<doc>Evaluates the given expression in Python and returns the result.</doc>
<msg timestamp="20250928 19:07:30.319" level="INFO">${num} = 83</msg>
<status status="PASS" starttime="20250928 19:07:30.318" endtime="20250928 19:07:30.319"/>
</kw>
<kw name="Should Be Equal As Integers" library="BuiltIn">
<arg>${num}</arg>
<arg>100</arg>
<doc>Fails if objects are unequal after converting them to integers.</doc>
<msg timestamp="20250928 19:07:30.319" level="INFO">Argument types are:
&lt;class 'int'&gt;
&lt;class 'str'&gt;</msg>
<msg timestamp="20250928 19:07:30.319" level="FAIL">83 != 100</msg>
<status status="FAIL" starttime="20250928 19:07:30.319" endtime="20250928 19:07:30.319"/>
</kw>
<status status="FAIL" starttime="20250928 19:07:30.309" endtime="20250928 19:07:30.319"/>
</kw>
<kw name="Barra Deve Estar Em 100 Porcento" library="widgets">
<kw name="Get Text" library="SeleniumLibrary">
<var>${text}</var>
<arg>${WIDGETS_TXT_PORCENTAGEM}</arg>
<doc>Returns the text value of the element identified by ``locator``.</doc>
<msg timestamp="20250928 19:07:31.238" level="INFO">${text} = 93%</msg>
<status status="PASS" starttime="20250928 19:07:31.220" endtime="20250928 19:07:31.238"/>
</kw>
<kw name="Evaluate" library="BuiltIn">
<var>${num}</var>
<arg>int("${text}".replace('%',''))</arg>
<doc>Evaluates the given expression in Python and returns the result.</doc>
<msg timestamp="20250928 19:07:31.238" level="INFO">${num} = 93</msg>
<status status="PASS" starttime="20250928 19:07:31.238" endtime="20250928 19:07:31.238"/>
</kw>
<kw name="Should Be Equal As Integers" library="BuiltIn">
<arg>${num}</arg>
<arg>100</arg>
<doc>Fails if objects are unequal after converting them to integers.</doc>
<msg timestamp="20250928 19:07:31.238" level="INFO">Argument types are:
&lt;class 'int'&gt;
&lt;class 'str'&gt;</msg>
<msg timestamp="20250928 19:07:31.238" level="FAIL">93 != 100</msg>
<status status="FAIL" starttime="20250928 19:07:31.238" endtime="20250928 19:07:31.238"/>
</kw>
<status status="FAIL" starttime="20250928 19:07:31.220" endtime="20250928 19:07:31.239"/>
</kw>
<kw name="Barra Deve Estar Em 100 Porcento" library="widgets">
<kw name="Get Text" library="SeleniumLibrary">
<var>${text}</var>
<arg>${WIDGETS_TXT_PORCENTAGEM}</arg>
<doc>Returns the text value of the element identified by ``locator``.</doc>
<msg timestamp="20250928 19:07:32.148" level="INFO">${text} = 100%</msg>
<status status="PASS" starttime="20250928 19:07:32.139" endtime="20250928 19:07:32.148"/>
</kw>
<kw name="Evaluate" library="BuiltIn">
<var>${num}</var>
<arg>int("${text}".replace('%',''))</arg>
<doc>Evaluates the given expression in Python and returns the result.</doc>
<msg timestamp="20250928 19:07:32.149" level="INFO">${num} = 100</msg>
<status status="PASS" starttime="20250928 19:07:32.148" endtime="20250928 19:07:32.149"/>
</kw>
<kw name="Should Be Equal As Integers" library="BuiltIn">
<arg>${num}</arg>
<arg>100</arg>
<doc>Fails if objects are unequal after converting them to integers.</doc>
<msg timestamp="20250928 19:07:32.149" level="INFO">Argument types are:
&lt;class 'int'&gt;
&lt;class 'str'&gt;</msg>
<status status="PASS" starttime="20250928 19:07:32.149" endtime="20250928 19:07:32.149"/>
</kw>
<status status="PASS" starttime="20250928 19:07:32.139" endtime="20250928 19:07:32.149"/>
</kw>
<status status="PASS" starttime="20250928 19:07:23.930" endtime="20250928 19:07:32.149"/>
</kw>
<status status="PASS" starttime="20250928 19:07:23.930" endtime="20250928 19:07:32.149"/>
</kw>
<kw name="Então Reseto" library="widgets">
<kw name="Click Button" library="SeleniumLibrary">
<arg>id=resetButton</arg>
<doc>Clicks the button identified by ``locator``.</doc>
<msg timestamp="20250928 19:07:32.150" level="INFO">Clicking button 'id=resetButton'.</msg>
<status status="PASS" starttime="20250928 19:07:32.150" endtime="20250928 19:07:32.196"/>
</kw>
<status status="PASS" starttime="20250928 19:07:32.149" endtime="20250928 19:07:32.196"/>
</kw>
<kw name="E Verificar Zero" library="widgets">
<kw name="Sleep" library="BuiltIn">
<arg>0.5s</arg>
<doc>Pauses the test executed for the given time.</doc>
<msg timestamp="20250928 19:07:32.698" level="INFO">Slept 500 milliseconds</msg>
<status status="PASS" starttime="20250928 19:07:32.197" endtime="20250928 19:07:32.698"/>
</kw>
<kw name="Get Text" library="SeleniumLibrary">
<var>${text}</var>
<arg>${WIDGETS_TXT_PORCENTAGEM}</arg>
<doc>Returns the text value of the element identified by ``locator``.</doc>
<msg timestamp="20250928 19:07:32.707" level="INFO">${text} = 0%</msg>
<status status="PASS" starttime="20250928 19:07:32.698" endtime="20250928 19:07:32.707"/>
</kw>
<kw name="Should Be Equal As Strings" library="BuiltIn">
<arg>${text}</arg>
<arg>0%</arg>
<doc>Fails if objects are unequal after converting them to strings.</doc>
<status status="PASS" starttime="20250928 19:07:32.707" endtime="20250928 19:07:32.707"/>
</kw>
<status status="PASS" starttime="20250928 19:07:32.196" endtime="20250928 19:07:32.707"/>
</kw>
<status status="PASS" starttime="20250928 19:07:21.599" endtime="20250928 19:07:32.708"/>
</test>
<kw name="Close Browser" library="SeleniumLibrary" type="TEARDOWN">
<doc>Closes the current browser.</doc>
<status status="PASS" starttime="20250928 19:07:32.708" endtime="20250928 19:07:34.848"/>
</kw>
<status status="PASS" starttime="20250928 19:07:16.552" endtime="20250928 19:07:34.848"/>
</suite>
<status status="PASS" starttime="20250928 19:06:35.932" endtime="20250928 19:07:34.849"/>
</suite>
<statistics>
<total>
<stat pass="5" fail="0" skip="0">All Tests</stat>
</total>
<tag>
</tag>
<suite>
<stat pass="5" fail="0" skip="0" id="s1" name="Features">Features</stat>
<stat pass="1" fail="0" skip="0" id="s1-s1" name="Drag Drop">Features.Drag Drop</stat>
<stat pass="1" fail="0" skip="0" id="s1-s2" name="Elements">Features.Elements</stat>
<stat pass="1" fail="0" skip="0" id="s1-s3" name="New Window">Features.New Window</stat>
<stat pass="1" fail="0" skip="0" id="s1-s4" name="Pratice Form">Features.Pratice Form</stat>
<stat pass="1" fail="0" skip="0" id="s1-s5" name="Widgets">Features.Widgets</stat>
</suite>
</statistics>
<errors>
<msg timestamp="20250928 19:06:48.876" level="WARN">Keyword 'Element Text Should Be' found both from a custom library 'SeleniumLibrary' and a standard library 'XML'. The custom keyword is used. To select explicitly, and to get rid of this warning, use either 'SeleniumLibrary.Element Text Should Be' or 'XML.Element Text Should Be'.</msg>
<msg timestamp="20250928 19:06:48.891" level="WARN">Keyword 'Element Text Should Be' found both from a custom library 'SeleniumLibrary' and a standard library 'XML'. The custom keyword is used. To select explicitly, and to get rid of this warning, use either 'SeleniumLibrary.Element Text Should Be' or 'XML.Element Text Should Be'.</msg>
<msg timestamp="20250928 19:06:48.901" level="WARN">Keyword 'Element Text Should Be' found both from a custom library 'SeleniumLibrary' and a standard library 'XML'. The custom keyword is used. To select explicitly, and to get rid of this warning, use either 'SeleniumLibrary.Element Text Should Be' or 'XML.Element Text Should Be'.</msg>
<msg timestamp="20250928 19:06:48.911" level="WARN">Keyword 'Element Text Should Be' found both from a custom library 'SeleniumLibrary' and a standard library 'XML'. The custom keyword is used. To select explicitly, and to get rid of this warning, use either 'SeleniumLibrary.Element Text Should Be' or 'XML.Element Text Should Be'.</msg>
<msg timestamp="20250928 19:06:48.921" level="WARN">Keyword 'Element Text Should Be' found both from a custom library 'SeleniumLibrary' and a standard library 'XML'. The custom keyword is used. To select explicitly, and to get rid of this warning, use either 'SeleniumLibrary.Element Text Should Be' or 'XML.Element Text Should Be'.</msg>
<msg timestamp="20250928 19:06:48.930" level="WARN">Keyword 'Element Text Should Be' found both from a custom library 'SeleniumLibrary' and a standard library 'XML'. The custom keyword is used. To select explicitly, and to get rid of this warning, use either 'SeleniumLibrary.Element Text Should Be' or 'XML.Element Text Should Be'.</msg>
</errors>
</robot>
